{"/Users/ysqmacbook/UBC_CPSC/CPSC310/d0_r8q0b/src/controller/IInsightFacade.js":{"path":"/Users/ysqmacbook/UBC_CPSC/CPSC310/d0_r8q0b/src/controller/IInsightFacade.js","statementMap":{"0":{"start":{"line":2,"column":0},"end":{"line":2,"column":62}},"1":{"start":{"line":4,"column":0},"end":{"line":7,"column":89}},"2":{"start":{"line":5,"column":4},"end":{"line":5,"column":46}},"3":{"start":{"line":6,"column":4},"end":{"line":6,"column":42}},"4":{"start":{"line":10,"column":8},"end":{"line":10,"column":23}},"5":{"start":{"line":11,"column":8},"end":{"line":11,"column":52}},"6":{"start":{"line":14,"column":0},"end":{"line":14,"column":36}},"7":{"start":{"line":17,"column":8},"end":{"line":17,"column":23}},"8":{"start":{"line":18,"column":8},"end":{"line":18,"column":53}},"9":{"start":{"line":21,"column":0},"end":{"line":21,"column":38}}},"fnMap":{"0":{"name":"(anonymous_0)","decl":{"start":{"line":4,"column":1},"end":{"line":4,"column":2}},"loc":{"start":{"line":4,"column":31},"end":{"line":7,"column":1}},"line":4},"1":{"name":"(anonymous_1)","decl":{"start":{"line":9,"column":4},"end":{"line":9,"column":5}},"loc":{"start":{"line":9,"column":25},"end":{"line":12,"column":5}},"line":9},"2":{"name":"(anonymous_2)","decl":{"start":{"line":16,"column":4},"end":{"line":16,"column":5}},"loc":{"start":{"line":16,"column":25},"end":{"line":19,"column":5}},"line":16}},"branchMap":{"0":{"loc":{"start":{"line":7,"column":24},"end":{"line":7,"column":87}},"type":"binary-expr","locations":[{"start":{"line":7,"column":24},"end":{"line":7,"column":50}},{"start":{"line":7,"column":55},"end":{"line":7,"column":86}}],"line":7}},"s":{"0":1,"1":1,"2":1,"3":1,"4":84,"5":84,"6":1,"7":3,"8":3,"9":1},"f":{"0":1,"1":84,"2":3},"b":{"0":[1,1]},"_coverageSchema":"332fd63041d2c1bcb487cc26dd0d5f7d97098a6c","hash":"7bd8de07bb022b3264774a8ed816efd1b41f78fb","contentHash":"c4a584cad9c84226f9c8a227d3176a6c_11.3.0"},"/Users/ysqmacbook/UBC_CPSC/CPSC310/d0_r8q0b/src/controller/InsightFacade.js":{"path":"/Users/ysqmacbook/UBC_CPSC/CPSC310/d0_r8q0b/src/controller/InsightFacade.js","statementMap":{"0":{"start":{"line":2,"column":16},"end":{"line":9,"column":1}},"1":{"start":{"line":3,"column":4},"end":{"line":8,"column":7}},"2":{"start":{"line":4,"column":36},"end":{"line":4,"column":97}},"3":{"start":{"line":4,"column":42},"end":{"line":4,"column":70}},"4":{"start":{"line":4,"column":85},"end":{"line":4,"column":95}},"5":{"start":{"line":5,"column":35},"end":{"line":5,"column":100}},"6":{"start":{"line":5,"column":41},"end":{"line":5,"column":73}},"7":{"start":{"line":5,"column":88},"end":{"line":5,"column":98}},"8":{"start":{"line":6,"column":32},"end":{"line":6,"column":149}},"9":{"start":{"line":6,"column":97},"end":{"line":6,"column":119}},"10":{"start":{"line":7,"column":8},"end":{"line":7,"column":78}},"11":{"start":{"line":10,"column":0},"end":{"line":10,"column":62}},"12":{"start":{"line":11,"column":15},"end":{"line":11,"column":33}},"13":{"start":{"line":12,"column":25},"end":{"line":12,"column":52}},"14":{"start":{"line":13,"column":15},"end":{"line":13,"column":30}},"15":{"start":{"line":14,"column":21},"end":{"line":14,"column":42}},"16":{"start":{"line":15,"column":12},"end":{"line":15,"column":28}},"17":{"start":{"line":16,"column":13},"end":{"line":16,"column":15}},"18":{"start":{"line":17,"column":17},"end":{"line":17,"column":19}},"19":{"start":{"line":18,"column":16},"end":{"line":18,"column":55}},"20":{"start":{"line":19,"column":16},"end":{"line":19,"column":79}},"21":{"start":{"line":20,"column":16},"end":{"line":21,"column":43}},"22":{"start":{"line":22,"column":16},"end":{"line":22,"column":36}},"23":{"start":{"line":23,"column":16},"end":{"line":23,"column":34}},"24":{"start":{"line":24,"column":17},"end":{"line":24,"column":54}},"25":{"start":{"line":25,"column":19},"end":{"line":25,"column":34}},"26":{"start":{"line":26,"column":18},"end":{"line":26,"column":32}},"27":{"start":{"line":27,"column":16},"end":{"line":27,"column":18}},"28":{"start":{"line":28,"column":12},"end":{"line":28,"column":13}},"29":{"start":{"line":29,"column":13},"end":{"line":29,"column":14}},"30":{"start":{"line":30,"column":16},"end":{"line":30,"column":18}},"31":{"start":{"line":31,"column":15},"end":{"line":31,"column":17}},"32":{"start":{"line":32,"column":14},"end":{"line":32,"column":16}},"33":{"start":{"line":33,"column":18},"end":{"line":33,"column":20}},"34":{"start":{"line":34,"column":20},"end":{"line":34,"column":22}},"35":{"start":{"line":37,"column":8},"end":{"line":37,"column":28}},"36":{"start":{"line":38,"column":8},"end":{"line":38,"column":58}},"37":{"start":{"line":39,"column":8},"end":{"line":39,"column":27}},"38":{"start":{"line":40,"column":8},"end":{"line":40,"column":25}},"39":{"start":{"line":41,"column":8},"end":{"line":41,"column":24}},"40":{"start":{"line":44,"column":19},"end":{"line":44,"column":23}},"41":{"start":{"line":45,"column":20},"end":{"line":45,"column":36}},"42":{"start":{"line":46,"column":19},"end":{"line":46,"column":32}},"43":{"start":{"line":47,"column":21},"end":{"line":47,"column":36}},"44":{"start":{"line":48,"column":8},"end":{"line":50,"column":9}},"45":{"start":{"line":49,"column":12},"end":{"line":49,"column":86}},"46":{"start":{"line":51,"column":8},"end":{"line":53,"column":9}},"47":{"start":{"line":52,"column":12},"end":{"line":52,"column":90}},"48":{"start":{"line":54,"column":8},"end":{"line":56,"column":9}},"49":{"start":{"line":55,"column":12},"end":{"line":55,"column":96}},"50":{"start":{"line":57,"column":8},"end":{"line":59,"column":9}},"51":{"start":{"line":58,"column":12},"end":{"line":58,"column":36}},"52":{"start":{"line":60,"column":8},"end":{"line":267,"column":11}},"53":{"start":{"line":61,"column":30},"end":{"line":61,"column":32}},"54":{"start":{"line":62,"column":28},"end":{"line":62,"column":30}},"55":{"start":{"line":63,"column":12},"end":{"line":266,"column":13}},"56":{"start":{"line":64,"column":16},"end":{"line":143,"column":19}},"57":{"start":{"line":65,"column":20},"end":{"line":69,"column":23}},"58":{"start":{"line":67,"column":42},"end":{"line":67,"column":62}},"59":{"start":{"line":68,"column":24},"end":{"line":68,"column":52}},"60":{"start":{"line":70,"column":39},"end":{"line":70,"column":41}},"61":{"start":{"line":71,"column":30},"end":{"line":71,"column":31}},"62":{"start":{"line":72,"column":20},"end":{"line":140,"column":23}},"63":{"start":{"line":74,"column":24},"end":{"line":76,"column":25}},"64":{"start":{"line":75,"column":28},"end":{"line":75,"column":91}},"65":{"start":{"line":77,"column":32},"end":{"line":77,"column":33}},"66":{"start":{"line":78,"column":32},"end":{"line":78,"column":33}},"67":{"start":{"line":79,"column":34},"end":{"line":79,"column":45}},"68":{"start":{"line":80,"column":35},"end":{"line":80,"column":47}},"69":{"start":{"line":81,"column":35},"end":{"line":81,"column":47}},"70":{"start":{"line":82,"column":35},"end":{"line":82,"column":47}},"71":{"start":{"line":83,"column":35},"end":{"line":83,"column":47}},"72":{"start":{"line":84,"column":36},"end":{"line":84,"column":49}},"73":{"start":{"line":85,"column":41},"end":{"line":85,"column":59}},"74":{"start":{"line":86,"column":39},"end":{"line":86,"column":49}},"75":{"start":{"line":87,"column":36},"end":{"line":87,"column":49}},"76":{"start":{"line":88,"column":35},"end":{"line":88,"column":47}},"77":{"start":{"line":89,"column":24},"end":{"line":120,"column":25}},"78":{"start":{"line":90,"column":28},"end":{"line":119,"column":29}},"79":{"start":{"line":91,"column":51},"end":{"line":91,"column":74}},"80":{"start":{"line":92,"column":52},"end":{"line":92,"column":72}},"81":{"start":{"line":93,"column":32},"end":{"line":114,"column":33}},"82":{"start":{"line":94,"column":36},"end":{"line":113,"column":37}},"83":{"start":{"line":95,"column":48},"end":{"line":95,"column":50}},"84":{"start":{"line":96,"column":40},"end":{"line":96,"column":71}},"85":{"start":{"line":97,"column":40},"end":{"line":97,"column":76}},"86":{"start":{"line":98,"column":40},"end":{"line":103,"column":41}},"87":{"start":{"line":99,"column":44},"end":{"line":99,"column":59}},"88":{"start":{"line":102,"column":44},"end":{"line":102,"column":85}},"89":{"start":{"line":104,"column":40},"end":{"line":104,"column":73}},"90":{"start":{"line":105,"column":40},"end":{"line":105,"column":73}},"91":{"start":{"line":106,"column":40},"end":{"line":106,"column":75}},"92":{"start":{"line":107,"column":40},"end":{"line":107,"column":84}},"93":{"start":{"line":108,"column":40},"end":{"line":108,"column":79}},"94":{"start":{"line":109,"column":40},"end":{"line":109,"column":75}},"95":{"start":{"line":110,"column":40},"end":{"line":110,"column":79}},"96":{"start":{"line":111,"column":40},"end":{"line":111,"column":61}},"97":{"start":{"line":112,"column":40},"end":{"line":112,"column":54}},"98":{"start":{"line":117,"column":32},"end":{"line":117,"column":56}},"99":{"start":{"line":118,"column":32},"end":{"line":118,"column":84}},"100":{"start":{"line":121,"column":24},"end":{"line":137,"column":25}},"101":{"start":{"line":122,"column":28},"end":{"line":122,"column":100}},"102":{"start":{"line":125,"column":45},"end":{"line":125,"column":116}},"103":{"start":{"line":126,"column":28},"end":{"line":126,"column":59}},"104":{"start":{"line":127,"column":45},"end":{"line":127,"column":73}},"105":{"start":{"line":128,"column":28},"end":{"line":133,"column":29}},"106":{"start":{"line":129,"column":32},"end":{"line":129,"column":83}},"107":{"start":{"line":132,"column":32},"end":{"line":132,"column":109}},"108":{"start":{"line":134,"column":28},"end":{"line":134,"column":49}},"109":{"start":{"line":135,"column":28},"end":{"line":135,"column":49}},"110":{"start":{"line":136,"column":28},"end":{"line":136,"column":35}},"111":{"start":{"line":139,"column":24},"end":{"line":139,"column":80}},"112":{"start":{"line":142,"column":20},"end":{"line":142,"column":76}},"113":{"start":{"line":145,"column":17},"end":{"line":266,"column":13}},"114":{"start":{"line":146,"column":31},"end":{"line":146,"column":48}},"115":{"start":{"line":147,"column":16},"end":{"line":262,"column":19}},"116":{"start":{"line":148,"column":20},"end":{"line":259,"column":23}},"117":{"start":{"line":149,"column":24},"end":{"line":258,"column":25}},"118":{"start":{"line":150,"column":40},"end":{"line":150,"column":87}},"119":{"start":{"line":151,"column":43},"end":{"line":151,"column":60}},"120":{"start":{"line":152,"column":39},"end":{"line":152,"column":56}},"121":{"start":{"line":153,"column":28},"end":{"line":153,"column":62}},"122":{"start":{"line":154,"column":39},"end":{"line":154,"column":41}},"123":{"start":{"line":155,"column":28},"end":{"line":160,"column":29}},"124":{"start":{"line":156,"column":43},"end":{"line":156,"column":107}},"125":{"start":{"line":157,"column":42},"end":{"line":157,"column":86}},"126":{"start":{"line":158,"column":32},"end":{"line":158,"column":50}},"127":{"start":{"line":159,"column":32},"end":{"line":159,"column":48}},"128":{"start":{"line":161,"column":46},"end":{"line":161,"column":48}},"129":{"start":{"line":162,"column":28},"end":{"line":183,"column":29}},"130":{"start":{"line":163,"column":46},"end":{"line":181,"column":34}},"131":{"start":{"line":164,"column":36},"end":{"line":180,"column":39}},"132":{"start":{"line":165,"column":54},"end":{"line":165,"column":56}},"133":{"start":{"line":166,"column":40},"end":{"line":168,"column":43}},"134":{"start":{"line":167,"column":44},"end":{"line":167,"column":61}},"135":{"start":{"line":169,"column":40},"end":{"line":177,"column":43}},"136":{"start":{"line":170,"column":44},"end":{"line":176,"column":45}},"137":{"start":{"line":171,"column":67},"end":{"line":171,"column":86}},"138":{"start":{"line":172,"column":48},"end":{"line":172,"column":68}},"139":{"start":{"line":175,"column":48},"end":{"line":175,"column":58}},"140":{"start":{"line":179,"column":40},"end":{"line":179,"column":55}},"141":{"start":{"line":182,"column":32},"end":{"line":182,"column":58}},"142":{"start":{"line":184,"column":28},"end":{"line":257,"column":31}},"143":{"start":{"line":185,"column":40},"end":{"line":185,"column":41}},"144":{"start":{"line":186,"column":32},"end":{"line":191,"column":33}},"145":{"start":{"line":187,"column":49},"end":{"line":187,"column":60}},"146":{"start":{"line":188,"column":36},"end":{"line":188,"column":40}},"147":{"start":{"line":189,"column":36},"end":{"line":189,"column":76}},"148":{"start":{"line":190,"column":36},"end":{"line":190,"column":76}},"149":{"start":{"line":192,"column":47},"end":{"line":192,"column":49}},"150":{"start":{"line":193,"column":32},"end":{"line":211,"column":33}},"151":{"start":{"line":194,"column":36},"end":{"line":210,"column":37}},"152":{"start":{"line":195,"column":59},"end":{"line":195,"column":102}},"153":{"start":{"line":196,"column":51},"end":{"line":196,"column":70}},"154":{"start":{"line":197,"column":54},"end":{"line":208,"column":42}},"155":{"start":{"line":198,"column":63},"end":{"line":198,"column":87}},"156":{"start":{"line":199,"column":59},"end":{"line":199,"column":80}},"157":{"start":{"line":200,"column":56},"end":{"line":200,"column":58}},"158":{"start":{"line":201,"column":44},"end":{"line":203,"column":45}},"159":{"start":{"line":202,"column":48},"end":{"line":202,"column":58}},"160":{"start":{"line":204,"column":60},"end":{"line":204,"column":67}},"161":{"start":{"line":205,"column":59},"end":{"line":205,"column":66}},"162":{"start":{"line":206,"column":44},"end":{"line":206,"column":96}},"163":{"start":{"line":207,"column":44},"end":{"line":207,"column":57}},"164":{"start":{"line":209,"column":40},"end":{"line":209,"column":63}},"165":{"start":{"line":212,"column":32},"end":{"line":256,"column":35}},"166":{"start":{"line":213,"column":48},"end":{"line":213,"column":50}},"167":{"start":{"line":214,"column":55},"end":{"line":214,"column":82}},"168":{"start":{"line":215,"column":36},"end":{"line":235,"column":37}},"169":{"start":{"line":216,"column":40},"end":{"line":218,"column":41}},"170":{"start":{"line":217,"column":44},"end":{"line":217,"column":53}},"171":{"start":{"line":219,"column":54},"end":{"line":219,"column":78}},"172":{"start":{"line":220,"column":40},"end":{"line":234,"column":41}},"173":{"start":{"line":221,"column":52},"end":{"line":221,"column":54}},"174":{"start":{"line":222,"column":44},"end":{"line":222,"column":75}},"175":{"start":{"line":223,"column":44},"end":{"line":223,"column":93}},"176":{"start":{"line":224,"column":44},"end":{"line":224,"column":79}},"177":{"start":{"line":225,"column":44},"end":{"line":225,"column":103}},"178":{"start":{"line":226,"column":44},"end":{"line":226,"column":92}},"179":{"start":{"line":227,"column":44},"end":{"line":227,"column":88}},"180":{"start":{"line":228,"column":44},"end":{"line":228,"column":88}},"181":{"start":{"line":229,"column":44},"end":{"line":229,"column":77}},"182":{"start":{"line":230,"column":44},"end":{"line":230,"column":75}},"183":{"start":{"line":231,"column":44},"end":{"line":231,"column":85}},"184":{"start":{"line":232,"column":44},"end":{"line":232,"column":75}},"185":{"start":{"line":233,"column":44},"end":{"line":233,"column":58}},"186":{"start":{"line":236,"column":36},"end":{"line":236,"column":59}},"187":{"start":{"line":237,"column":48},"end":{"line":237,"column":60}},"188":{"start":{"line":238,"column":36},"end":{"line":238,"column":91}},"189":{"start":{"line":239,"column":36},"end":{"line":255,"column":37}},"190":{"start":{"line":240,"column":40},"end":{"line":240,"column":128}},"191":{"start":{"line":243,"column":51},"end":{"line":243,"column":122}},"192":{"start":{"line":244,"column":40},"end":{"line":244,"column":65}},"193":{"start":{"line":245,"column":57},"end":{"line":245,"column":78}},"194":{"start":{"line":246,"column":40},"end":{"line":251,"column":41}},"195":{"start":{"line":247,"column":44},"end":{"line":247,"column":95}},"196":{"start":{"line":250,"column":44},"end":{"line":250,"column":121}},"197":{"start":{"line":252,"column":40},"end":{"line":252,"column":61}},"198":{"start":{"line":253,"column":40},"end":{"line":253,"column":61}},"199":{"start":{"line":254,"column":40},"end":{"line":254,"column":47}},"200":{"start":{"line":261,"column":20},"end":{"line":261,"column":76}},"201":{"start":{"line":265,"column":16},"end":{"line":265,"column":82}},"202":{"start":{"line":270,"column":19},"end":{"line":270,"column":32}},"203":{"start":{"line":271,"column":26},"end":{"line":271,"column":55}},"204":{"start":{"line":272,"column":19},"end":{"line":272,"column":23}},"205":{"start":{"line":273,"column":8},"end":{"line":294,"column":11}},"206":{"start":{"line":274,"column":12},"end":{"line":276,"column":13}},"207":{"start":{"line":275,"column":16},"end":{"line":275,"column":89}},"208":{"start":{"line":277,"column":12},"end":{"line":279,"column":13}},"209":{"start":{"line":278,"column":16},"end":{"line":278,"column":91}},"210":{"start":{"line":280,"column":12},"end":{"line":293,"column":15}},"211":{"start":{"line":281,"column":16},"end":{"line":292,"column":17}},"212":{"start":{"line":282,"column":20},"end":{"line":288,"column":23}},"213":{"start":{"line":283,"column":24},"end":{"line":285,"column":25}},"214":{"start":{"line":284,"column":28},"end":{"line":284,"column":101}},"215":{"start":{"line":286,"column":24},"end":{"line":286,"column":87}},"216":{"start":{"line":286,"column":71},"end":{"line":286,"column":85}},"217":{"start":{"line":287,"column":24},"end":{"line":287,"column":43}},"218":{"start":{"line":291,"column":20},"end":{"line":291,"column":71}},"219":{"start":{"line":297,"column":19},"end":{"line":297,"column":23}},"220":{"start":{"line":298,"column":8},"end":{"line":300,"column":11}},"221":{"start":{"line":299,"column":12},"end":{"line":299,"column":35}},"222":{"start":{"line":303,"column":19},"end":{"line":303,"column":23}},"223":{"start":{"line":304,"column":8},"end":{"line":304,"column":25}},"224":{"start":{"line":305,"column":8},"end":{"line":366,"column":11}},"225":{"start":{"line":306,"column":23},"end":{"line":306,"column":36}},"226":{"start":{"line":307,"column":12},"end":{"line":311,"column":15}},"227":{"start":{"line":308,"column":16},"end":{"line":310,"column":17}},"228":{"start":{"line":309,"column":20},"end":{"line":309,"column":43}},"229":{"start":{"line":312,"column":12},"end":{"line":314,"column":13}},"230":{"start":{"line":313,"column":16},"end":{"line":313,"column":87}},"231":{"start":{"line":315,"column":12},"end":{"line":315,"column":56}},"232":{"start":{"line":316,"column":24},"end":{"line":316,"column":38}},"233":{"start":{"line":317,"column":26},"end":{"line":317,"column":42}},"234":{"start":{"line":318,"column":26},"end":{"line":318,"column":44}},"235":{"start":{"line":320,"column":26},"end":{"line":320,"column":28}},"236":{"start":{"line":321,"column":12},"end":{"line":321,"column":47}},"237":{"start":{"line":322,"column":12},"end":{"line":322,"column":59}},"238":{"start":{"line":323,"column":12},"end":{"line":325,"column":13}},"239":{"start":{"line":324,"column":16},"end":{"line":324,"column":110}},"240":{"start":{"line":326,"column":12},"end":{"line":333,"column":13}},"241":{"start":{"line":327,"column":16},"end":{"line":332,"column":17}},"242":{"start":{"line":328,"column":35},"end":{"line":328,"column":59}},"243":{"start":{"line":329,"column":20},"end":{"line":331,"column":21}},"244":{"start":{"line":330,"column":24},"end":{"line":330,"column":104}},"245":{"start":{"line":334,"column":23},"end":{"line":334,"column":25}},"246":{"start":{"line":335,"column":12},"end":{"line":341,"column":13}},"247":{"start":{"line":336,"column":32},"end":{"line":336,"column":75}},"248":{"start":{"line":337,"column":16},"end":{"line":337,"column":43}},"249":{"start":{"line":340,"column":16},"end":{"line":340,"column":87}},"250":{"start":{"line":342,"column":32},"end":{"line":342,"column":34}},"251":{"start":{"line":344,"column":12},"end":{"line":349,"column":13}},"252":{"start":{"line":345,"column":16},"end":{"line":345,"column":41}},"253":{"start":{"line":348,"column":16},"end":{"line":348,"column":29}},"254":{"start":{"line":350,"column":26},"end":{"line":350,"column":44}},"255":{"start":{"line":351,"column":12},"end":{"line":351,"column":48}},"256":{"start":{"line":352,"column":12},"end":{"line":357,"column":13}},"257":{"start":{"line":353,"column":38},"end":{"line":353,"column":62}},"258":{"start":{"line":354,"column":28},"end":{"line":354,"column":52}},"259":{"start":{"line":355,"column":33},"end":{"line":355,"column":57}},"260":{"start":{"line":356,"column":16},"end":{"line":356,"column":80}},"261":{"start":{"line":358,"column":12},"end":{"line":365,"column":13}},"262":{"start":{"line":359,"column":16},"end":{"line":359,"column":88}},"263":{"start":{"line":360,"column":16},"end":{"line":360,"column":67}},"264":{"start":{"line":361,"column":16},"end":{"line":361,"column":39}},"265":{"start":{"line":364,"column":16},"end":{"line":364,"column":101}},"266":{"start":{"line":369,"column":0},"end":{"line":369,"column":32}},"267":{"start":{"line":371,"column":15},"end":{"line":371,"column":20}},"268":{"start":{"line":372,"column":4},"end":{"line":374,"column":5}},"269":{"start":{"line":373,"column":8},"end":{"line":373,"column":20}},"270":{"start":{"line":375,"column":17},"end":{"line":375,"column":34}},"271":{"start":{"line":376,"column":4},"end":{"line":415,"column":5}},"272":{"start":{"line":377,"column":8},"end":{"line":379,"column":9}},"273":{"start":{"line":378,"column":12},"end":{"line":378,"column":21}},"274":{"start":{"line":380,"column":8},"end":{"line":414,"column":9}},"275":{"start":{"line":381,"column":12},"end":{"line":407,"column":13}},"276":{"start":{"line":382,"column":16},"end":{"line":406,"column":17}},"277":{"start":{"line":384,"column":35},"end":{"line":384,"column":53}},"278":{"start":{"line":385,"column":24},"end":{"line":385,"column":41}},"279":{"start":{"line":386,"column":24},"end":{"line":386,"column":32}},"280":{"start":{"line":387,"column":24},"end":{"line":387,"column":30}},"281":{"start":{"line":390,"column":34},"end":{"line":390,"column":52}},"282":{"start":{"line":391,"column":24},"end":{"line":391,"column":39}},"283":{"start":{"line":392,"column":24},"end":{"line":392,"column":32}},"284":{"start":{"line":393,"column":24},"end":{"line":393,"column":30}},"285":{"start":{"line":396,"column":36},"end":{"line":396,"column":54}},"286":{"start":{"line":397,"column":24},"end":{"line":397,"column":40}},"287":{"start":{"line":398,"column":24},"end":{"line":398,"column":32}},"288":{"start":{"line":399,"column":24},"end":{"line":399,"column":30}},"289":{"start":{"line":402,"column":24},"end":{"line":402,"column":67}},"290":{"start":{"line":403,"column":24},"end":{"line":403,"column":32}},"291":{"start":{"line":404,"column":24},"end":{"line":404,"column":30}},"292":{"start":{"line":410,"column":29},"end":{"line":410,"column":47}},"293":{"start":{"line":411,"column":12},"end":{"line":413,"column":13}},"294":{"start":{"line":412,"column":16},"end":{"line":412,"column":50}},"295":{"start":{"line":418,"column":15},"end":{"line":418,"column":20}},"296":{"start":{"line":419,"column":4},"end":{"line":422,"column":5}},"297":{"start":{"line":421,"column":8},"end":{"line":421,"column":20}},"298":{"start":{"line":423,"column":19},"end":{"line":423,"column":36}},"299":{"start":{"line":424,"column":4},"end":{"line":479,"column":5}},"300":{"start":{"line":425,"column":8},"end":{"line":427,"column":9}},"301":{"start":{"line":426,"column":12},"end":{"line":426,"column":21}},"302":{"start":{"line":428,"column":8},"end":{"line":434,"column":9}},"303":{"start":{"line":429,"column":12},"end":{"line":432,"column":13}},"304":{"start":{"line":430,"column":31},"end":{"line":430,"column":54}},"305":{"start":{"line":431,"column":16},"end":{"line":431,"column":47}},"306":{"start":{"line":433,"column":12},"end":{"line":433,"column":21}},"307":{"start":{"line":435,"column":8},"end":{"line":478,"column":9}},"308":{"start":{"line":436,"column":12},"end":{"line":472,"column":13}},"309":{"start":{"line":437,"column":16},"end":{"line":471,"column":17}},"310":{"start":{"line":439,"column":41},"end":{"line":439,"column":59}},"311":{"start":{"line":440,"column":24},"end":{"line":440,"column":59}},"312":{"start":{"line":441,"column":24},"end":{"line":441,"column":33}},"313":{"start":{"line":442,"column":24},"end":{"line":442,"column":30}},"314":{"start":{"line":445,"column":35},"end":{"line":445,"column":53}},"315":{"start":{"line":446,"column":24},"end":{"line":446,"column":60}},"316":{"start":{"line":447,"column":24},"end":{"line":447,"column":33}},"317":{"start":{"line":448,"column":24},"end":{"line":448,"column":30}},"318":{"start":{"line":451,"column":44},"end":{"line":451,"column":62}},"319":{"start":{"line":452,"column":24},"end":{"line":452,"column":65}},"320":{"start":{"line":453,"column":24},"end":{"line":453,"column":33}},"321":{"start":{"line":454,"column":24},"end":{"line":454,"column":30}},"322":{"start":{"line":457,"column":39},"end":{"line":457,"column":57}},"323":{"start":{"line":458,"column":24},"end":{"line":458,"column":55}},"324":{"start":{"line":459,"column":24},"end":{"line":459,"column":33}},"325":{"start":{"line":460,"column":24},"end":{"line":460,"column":30}},"326":{"start":{"line":463,"column":24},"end":{"line":463,"column":60}},"327":{"start":{"line":464,"column":24},"end":{"line":464,"column":60}},"328":{"start":{"line":465,"column":24},"end":{"line":465,"column":58}},"329":{"start":{"line":466,"column":24},"end":{"line":466,"column":48}},"330":{"start":{"line":467,"column":24},"end":{"line":467,"column":41}},"331":{"start":{"line":468,"column":24},"end":{"line":468,"column":33}},"332":{"start":{"line":469,"column":24},"end":{"line":469,"column":30}},"333":{"start":{"line":475,"column":12},"end":{"line":477,"column":13}},"334":{"start":{"line":476,"column":16},"end":{"line":476,"column":73}},"335":{"start":{"line":482,"column":4},"end":{"line":484,"column":5}},"336":{"start":{"line":483,"column":8},"end":{"line":483,"column":24}},"337":{"start":{"line":485,"column":4},"end":{"line":487,"column":5}},"338":{"start":{"line":486,"column":8},"end":{"line":486,"column":20}},"339":{"start":{"line":488,"column":4},"end":{"line":493,"column":5}},"340":{"start":{"line":489,"column":18},"end":{"line":489,"column":32}},"341":{"start":{"line":490,"column":8},"end":{"line":492,"column":9}},"342":{"start":{"line":491,"column":12},"end":{"line":491,"column":23}},"343":{"start":{"line":494,"column":4},"end":{"line":494,"column":16}},"344":{"start":{"line":497,"column":20},"end":{"line":497,"column":22}},"345":{"start":{"line":498,"column":4},"end":{"line":528,"column":5}},"346":{"start":{"line":499,"column":21},"end":{"line":499,"column":23}},"347":{"start":{"line":500,"column":8},"end":{"line":503,"column":9}},"348":{"start":{"line":501,"column":26},"end":{"line":501,"column":43}},"349":{"start":{"line":502,"column":12},"end":{"line":502,"column":44}},"350":{"start":{"line":504,"column":25},"end":{"line":504,"column":30}},"351":{"start":{"line":505,"column":16},"end":{"line":505,"column":17}},"352":{"start":{"line":506,"column":8},"end":{"line":510,"column":9}},"353":{"start":{"line":507,"column":12},"end":{"line":509,"column":13}},"354":{"start":{"line":508,"column":16},"end":{"line":508,"column":34}},"355":{"start":{"line":511,"column":8},"end":{"line":527,"column":9}},"356":{"start":{"line":512,"column":20},"end":{"line":512,"column":22}},"357":{"start":{"line":513,"column":12},"end":{"line":513,"column":33}},"358":{"start":{"line":514,"column":12},"end":{"line":514,"column":29}},"359":{"start":{"line":515,"column":12},"end":{"line":517,"column":13}},"360":{"start":{"line":516,"column":16},"end":{"line":516,"column":47}},"361":{"start":{"line":518,"column":12},"end":{"line":518,"column":39}},"362":{"start":{"line":519,"column":12},"end":{"line":519,"column":30}},"363":{"start":{"line":522,"column":12},"end":{"line":526,"column":13}},"364":{"start":{"line":523,"column":16},"end":{"line":525,"column":17}},"365":{"start":{"line":524,"column":20},"end":{"line":524,"column":58}},"366":{"start":{"line":529,"column":4},"end":{"line":529,"column":75}},"367":{"start":{"line":530,"column":4},"end":{"line":534,"column":5}},"368":{"start":{"line":531,"column":8},"end":{"line":533,"column":9}},"369":{"start":{"line":532,"column":12},"end":{"line":532,"column":57}},"370":{"start":{"line":535,"column":4},"end":{"line":535,"column":21}},"371":{"start":{"line":538,"column":16},"end":{"line":538,"column":27}},"372":{"start":{"line":539,"column":19},"end":{"line":539,"column":39}},"373":{"start":{"line":540,"column":24},"end":{"line":540,"column":38}},"374":{"start":{"line":541,"column":21},"end":{"line":541,"column":50}},"375":{"start":{"line":542,"column":22},"end":{"line":542,"column":47}},"376":{"start":{"line":543,"column":4},"end":{"line":589,"column":5}},"377":{"start":{"line":544,"column":18},"end":{"line":544,"column":19}},"378":{"start":{"line":545,"column":8},"end":{"line":549,"column":9}},"379":{"start":{"line":546,"column":12},"end":{"line":548,"column":13}},"380":{"start":{"line":547,"column":16},"end":{"line":547,"column":44}},"381":{"start":{"line":550,"column":8},"end":{"line":550,"column":26}},"382":{"start":{"line":552,"column":9},"end":{"line":589,"column":5}},"383":{"start":{"line":553,"column":18},"end":{"line":553,"column":26}},"384":{"start":{"line":554,"column":8},"end":{"line":558,"column":9}},"385":{"start":{"line":555,"column":12},"end":{"line":557,"column":13}},"386":{"start":{"line":556,"column":16},"end":{"line":556,"column":44}},"387":{"start":{"line":559,"column":8},"end":{"line":559,"column":26}},"388":{"start":{"line":561,"column":9},"end":{"line":589,"column":5}},"389":{"start":{"line":562,"column":20},"end":{"line":562,"column":47}},"390":{"start":{"line":564,"column":8},"end":{"line":567,"column":9}},"391":{"start":{"line":565,"column":24},"end":{"line":565,"column":71}},"392":{"start":{"line":566,"column":12},"end":{"line":566,"column":59}},"393":{"start":{"line":568,"column":21},"end":{"line":568,"column":52}},"394":{"start":{"line":569,"column":8},"end":{"line":569,"column":38}},"395":{"start":{"line":570,"column":8},"end":{"line":570,"column":26}},"396":{"start":{"line":572,"column":9},"end":{"line":589,"column":5}},"397":{"start":{"line":573,"column":24},"end":{"line":573,"column":26}},"398":{"start":{"line":574,"column":8},"end":{"line":578,"column":9}},"399":{"start":{"line":575,"column":12},"end":{"line":577,"column":13}},"400":{"start":{"line":576,"column":16},"end":{"line":576,"column":54}},"401":{"start":{"line":579,"column":8},"end":{"line":579,"column":39}},"402":{"start":{"line":581,"column":9},"end":{"line":589,"column":5}},"403":{"start":{"line":582,"column":20},"end":{"line":582,"column":47}},"404":{"start":{"line":584,"column":8},"end":{"line":586,"column":9}},"405":{"start":{"line":585,"column":12},"end":{"line":585,"column":75}},"406":{"start":{"line":587,"column":8},"end":{"line":587,"column":39}},"407":{"start":{"line":588,"column":8},"end":{"line":588,"column":26}},"408":{"start":{"line":590,"column":4},"end":{"line":590,"column":13}},"409":{"start":{"line":593,"column":24},"end":{"line":593,"column":26}},"410":{"start":{"line":594,"column":4},"end":{"line":594,"column":40}},"411":{"start":{"line":595,"column":15},"end":{"line":595,"column":33}},"412":{"start":{"line":596,"column":4},"end":{"line":596,"column":50}},"413":{"start":{"line":597,"column":14},"end":{"line":597,"column":21}},"414":{"start":{"line":598,"column":4},"end":{"line":598,"column":46}},"415":{"start":{"line":599,"column":15},"end":{"line":599,"column":25}},"416":{"start":{"line":600,"column":4},"end":{"line":602,"column":5}},"417":{"start":{"line":601,"column":8},"end":{"line":601,"column":20}},"418":{"start":{"line":603,"column":4},"end":{"line":605,"column":5}},"419":{"start":{"line":604,"column":8},"end":{"line":604,"column":46}},"420":{"start":{"line":606,"column":4},"end":{"line":608,"column":5}},"421":{"start":{"line":607,"column":8},"end":{"line":607,"column":45}},"422":{"start":{"line":609,"column":4},"end":{"line":611,"column":5}},"423":{"start":{"line":610,"column":8},"end":{"line":610,"column":45}},"424":{"start":{"line":612,"column":4},"end":{"line":614,"column":5}},"425":{"start":{"line":613,"column":8},"end":{"line":613,"column":45}},"426":{"start":{"line":615,"column":4},"end":{"line":617,"column":5}},"427":{"start":{"line":616,"column":8},"end":{"line":616,"column":45}},"428":{"start":{"line":618,"column":4},"end":{"line":620,"column":5}},"429":{"start":{"line":619,"column":8},"end":{"line":619,"column":46}},"430":{"start":{"line":621,"column":4},"end":{"line":623,"column":5}},"431":{"start":{"line":622,"column":8},"end":{"line":622,"column":45}},"432":{"start":{"line":624,"column":4},"end":{"line":624,"column":25}},"433":{"start":{"line":627,"column":4},"end":{"line":627,"column":43}},"434":{"start":{"line":628,"column":20},"end":{"line":628,"column":24}},"435":{"start":{"line":629,"column":18},"end":{"line":629,"column":44}},"436":{"start":{"line":630,"column":17},"end":{"line":630,"column":27}},"437":{"start":{"line":631,"column":4},"end":{"line":633,"column":5}},"438":{"start":{"line":632,"column":8},"end":{"line":632,"column":36}},"439":{"start":{"line":634,"column":4},"end":{"line":636,"column":5}},"440":{"start":{"line":635,"column":8},"end":{"line":635,"column":50}},"441":{"start":{"line":637,"column":4},"end":{"line":637,"column":21}},"442":{"start":{"line":640,"column":4},"end":{"line":640,"column":42}},"443":{"start":{"line":641,"column":19},"end":{"line":641,"column":21}},"444":{"start":{"line":642,"column":17},"end":{"line":642,"column":42}},"445":{"start":{"line":643,"column":16},"end":{"line":643,"column":25}},"446":{"start":{"line":644,"column":4},"end":{"line":646,"column":5}},"447":{"start":{"line":645,"column":8},"end":{"line":645,"column":35}},"448":{"start":{"line":647,"column":4},"end":{"line":654,"column":5}},"449":{"start":{"line":648,"column":24},"end":{"line":648,"column":48}},"450":{"start":{"line":649,"column":8},"end":{"line":653,"column":9}},"451":{"start":{"line":650,"column":12},"end":{"line":652,"column":13}},"452":{"start":{"line":651,"column":16},"end":{"line":651,"column":45}},"453":{"start":{"line":655,"column":4},"end":{"line":655,"column":20}},"454":{"start":{"line":658,"column":4},"end":{"line":658,"column":43}},"455":{"start":{"line":659,"column":20},"end":{"line":659,"column":22}},"456":{"start":{"line":660,"column":18},"end":{"line":660,"column":44}},"457":{"start":{"line":661,"column":17},"end":{"line":661,"column":27}},"458":{"start":{"line":662,"column":20},"end":{"line":662,"column":47}},"459":{"start":{"line":663,"column":4},"end":{"line":667,"column":5}},"460":{"start":{"line":664,"column":8},"end":{"line":666,"column":9}},"461":{"start":{"line":665,"column":12},"end":{"line":665,"column":37}},"462":{"start":{"line":668,"column":4},"end":{"line":668,"column":21}},"463":{"start":{"line":671,"column":4},"end":{"line":671,"column":42}},"464":{"start":{"line":672,"column":17},"end":{"line":672,"column":42}},"465":{"start":{"line":673,"column":16},"end":{"line":673,"column":25}},"466":{"start":{"line":674,"column":21},"end":{"line":674,"column":40}},"467":{"start":{"line":675,"column":4},"end":{"line":675,"column":62}},"468":{"start":{"line":676,"column":19},"end":{"line":676,"column":21}},"469":{"start":{"line":677,"column":4},"end":{"line":681,"column":5}},"470":{"start":{"line":678,"column":8},"end":{"line":680,"column":9}},"471":{"start":{"line":679,"column":12},"end":{"line":679,"column":36}},"472":{"start":{"line":682,"column":4},"end":{"line":682,"column":20}},"473":{"start":{"line":685,"column":4},"end":{"line":685,"column":42}},"474":{"start":{"line":686,"column":17},"end":{"line":686,"column":42}},"475":{"start":{"line":687,"column":16},"end":{"line":687,"column":25}},"476":{"start":{"line":688,"column":21},"end":{"line":688,"column":40}},"477":{"start":{"line":689,"column":4},"end":{"line":689,"column":67}},"478":{"start":{"line":690,"column":19},"end":{"line":690,"column":21}},"479":{"start":{"line":691,"column":4},"end":{"line":695,"column":5}},"480":{"start":{"line":692,"column":8},"end":{"line":694,"column":9}},"481":{"start":{"line":693,"column":12},"end":{"line":693,"column":36}},"482":{"start":{"line":696,"column":4},"end":{"line":696,"column":93}},"483":{"start":{"line":697,"column":4},"end":{"line":697,"column":20}},"484":{"start":{"line":700,"column":4},"end":{"line":700,"column":42}},"485":{"start":{"line":701,"column":17},"end":{"line":701,"column":42}},"486":{"start":{"line":702,"column":16},"end":{"line":702,"column":25}},"487":{"start":{"line":703,"column":21},"end":{"line":703,"column":40}},"488":{"start":{"line":704,"column":4},"end":{"line":704,"column":52}},"489":{"start":{"line":705,"column":19},"end":{"line":705,"column":21}},"490":{"start":{"line":706,"column":4},"end":{"line":710,"column":5}},"491":{"start":{"line":707,"column":8},"end":{"line":709,"column":9}},"492":{"start":{"line":708,"column":12},"end":{"line":708,"column":36}},"493":{"start":{"line":711,"column":4},"end":{"line":711,"column":20}},"494":{"start":{"line":714,"column":4},"end":{"line":714,"column":42}},"495":{"start":{"line":715,"column":16},"end":{"line":715,"column":40}},"496":{"start":{"line":716,"column":15},"end":{"line":716,"column":23}},"497":{"start":{"line":717,"column":20},"end":{"line":717,"column":37}},"498":{"start":{"line":718,"column":4},"end":{"line":718,"column":67}},"499":{"start":{"line":719,"column":19},"end":{"line":719,"column":21}},"500":{"start":{"line":720,"column":4},"end":{"line":720,"column":73}},"501":{"start":{"line":721,"column":4},"end":{"line":727,"column":5}},"502":{"start":{"line":722,"column":8},"end":{"line":726,"column":9}},"503":{"start":{"line":723,"column":12},"end":{"line":725,"column":13}},"504":{"start":{"line":724,"column":16},"end":{"line":724,"column":40}},"505":{"start":{"line":728,"column":4},"end":{"line":738,"column":5}},"506":{"start":{"line":729,"column":8},"end":{"line":729,"column":43}},"507":{"start":{"line":730,"column":23},"end":{"line":730,"column":39}},"508":{"start":{"line":731,"column":8},"end":{"line":731,"column":65}},"509":{"start":{"line":732,"column":8},"end":{"line":737,"column":9}},"510":{"start":{"line":733,"column":20},"end":{"line":733,"column":34}},"511":{"start":{"line":734,"column":12},"end":{"line":736,"column":13}},"512":{"start":{"line":735,"column":16},"end":{"line":735,"column":40}},"513":{"start":{"line":739,"column":4},"end":{"line":748,"column":5}},"514":{"start":{"line":740,"column":8},"end":{"line":740,"column":65}},"515":{"start":{"line":741,"column":23},"end":{"line":741,"column":39}},"516":{"start":{"line":742,"column":8},"end":{"line":747,"column":9}},"517":{"start":{"line":743,"column":20},"end":{"line":743,"column":34}},"518":{"start":{"line":744,"column":12},"end":{"line":746,"column":13}},"519":{"start":{"line":745,"column":16},"end":{"line":745,"column":40}},"520":{"start":{"line":749,"column":4},"end":{"line":758,"column":5}},"521":{"start":{"line":750,"column":8},"end":{"line":750,"column":65}},"522":{"start":{"line":751,"column":23},"end":{"line":751,"column":39}},"523":{"start":{"line":752,"column":8},"end":{"line":757,"column":9}},"524":{"start":{"line":753,"column":20},"end":{"line":753,"column":34}},"525":{"start":{"line":754,"column":12},"end":{"line":756,"column":13}},"526":{"start":{"line":755,"column":16},"end":{"line":755,"column":40}},"527":{"start":{"line":759,"column":4},"end":{"line":763,"column":5}},"528":{"start":{"line":760,"column":8},"end":{"line":762,"column":9}},"529":{"start":{"line":761,"column":12},"end":{"line":761,"column":36}},"530":{"start":{"line":764,"column":4},"end":{"line":764,"column":20}},"531":{"start":{"line":767,"column":23},"end":{"line":767,"column":25}},"532":{"start":{"line":768,"column":12},"end":{"line":768,"column":13}},"533":{"start":{"line":769,"column":4},"end":{"line":775,"column":5}},"534":{"start":{"line":770,"column":16},"end":{"line":770,"column":18}},"535":{"start":{"line":771,"column":8},"end":{"line":773,"column":9}},"536":{"start":{"line":772,"column":12},"end":{"line":772,"column":57}},"537":{"start":{"line":774,"column":8},"end":{"line":774,"column":29}},"538":{"start":{"line":776,"column":4},"end":{"line":776,"column":87}},"539":{"start":{"line":777,"column":4},"end":{"line":821,"column":5}},"540":{"start":{"line":778,"column":8},"end":{"line":778,"column":78}},"541":{"start":{"line":779,"column":24},"end":{"line":779,"column":43}},"542":{"start":{"line":780,"column":8},"end":{"line":782,"column":9}},"543":{"start":{"line":781,"column":12},"end":{"line":781,"column":102}},"544":{"start":{"line":781,"column":41},"end":{"line":781,"column":99}},"545":{"start":{"line":783,"column":8},"end":{"line":783,"column":28}},"546":{"start":{"line":785,"column":9},"end":{"line":821,"column":5}},"547":{"start":{"line":786,"column":8},"end":{"line":786,"column":72}},"548":{"start":{"line":787,"column":18},"end":{"line":787,"column":30}},"549":{"start":{"line":788,"column":24},"end":{"line":788,"column":37}},"550":{"start":{"line":789,"column":26},"end":{"line":789,"column":28}},"551":{"start":{"line":790,"column":16},"end":{"line":790,"column":32}},"552":{"start":{"line":791,"column":8},"end":{"line":816,"column":11}},"553":{"start":{"line":792,"column":12},"end":{"line":815,"column":13}},"554":{"start":{"line":793,"column":16},"end":{"line":814,"column":17}},"555":{"start":{"line":794,"column":20},"end":{"line":802,"column":21}},"556":{"start":{"line":795,"column":24},"end":{"line":795,"column":33}},"557":{"start":{"line":797,"column":25},"end":{"line":802,"column":21}},"558":{"start":{"line":798,"column":24},"end":{"line":798,"column":34}},"559":{"start":{"line":801,"column":24},"end":{"line":801,"column":33}},"560":{"start":{"line":804,"column":21},"end":{"line":814,"column":17}},"561":{"start":{"line":805,"column":20},"end":{"line":813,"column":21}},"562":{"start":{"line":806,"column":24},"end":{"line":806,"column":34}},"563":{"start":{"line":808,"column":25},"end":{"line":813,"column":21}},"564":{"start":{"line":809,"column":24},"end":{"line":809,"column":33}},"565":{"start":{"line":812,"column":24},"end":{"line":812,"column":33}},"566":{"start":{"line":819,"column":8},"end":{"line":819,"column":73}},"567":{"start":{"line":820,"column":8},"end":{"line":820,"column":28}},"568":{"start":{"line":822,"column":4},"end":{"line":822,"column":24}},"569":{"start":{"line":825,"column":4},"end":{"line":825,"column":45}},"570":{"start":{"line":826,"column":19},"end":{"line":826,"column":24}},"571":{"start":{"line":827,"column":16},"end":{"line":827,"column":34}},"572":{"start":{"line":828,"column":4},"end":{"line":828,"column":53}},"573":{"start":{"line":829,"column":4},"end":{"line":835,"column":5}},"574":{"start":{"line":830,"column":8},"end":{"line":834,"column":9}},"575":{"start":{"line":831,"column":12},"end":{"line":831,"column":37}},"576":{"start":{"line":832,"column":12},"end":{"line":832,"column":59}},"577":{"start":{"line":833,"column":12},"end":{"line":833,"column":25}},"578":{"start":{"line":836,"column":4},"end":{"line":839,"column":5}},"579":{"start":{"line":837,"column":8},"end":{"line":837,"column":67}},"580":{"start":{"line":838,"column":8},"end":{"line":838,"column":21}},"581":{"start":{"line":840,"column":4},"end":{"line":843,"column":5}},"582":{"start":{"line":841,"column":8},"end":{"line":841,"column":59}},"583":{"start":{"line":842,"column":8},"end":{"line":842,"column":21}},"584":{"start":{"line":844,"column":16},"end":{"line":844,"column":30}},"585":{"start":{"line":845,"column":4},"end":{"line":848,"column":5}},"586":{"start":{"line":846,"column":8},"end":{"line":846,"column":54}},"587":{"start":{"line":847,"column":8},"end":{"line":847,"column":21}},"588":{"start":{"line":849,"column":4},"end":{"line":852,"column":5}},"589":{"start":{"line":850,"column":8},"end":{"line":850,"column":54}},"590":{"start":{"line":851,"column":8},"end":{"line":851,"column":21}},"591":{"start":{"line":853,"column":4},"end":{"line":855,"column":5}},"592":{"start":{"line":854,"column":8},"end":{"line":854,"column":21}},"593":{"start":{"line":856,"column":4},"end":{"line":866,"column":5}},"594":{"start":{"line":857,"column":8},"end":{"line":857,"column":24}},"595":{"start":{"line":858,"column":30},"end":{"line":858,"column":54}},"596":{"start":{"line":859,"column":8},"end":{"line":862,"column":9}},"597":{"start":{"line":860,"column":12},"end":{"line":860,"column":52}},"598":{"start":{"line":861,"column":12},"end":{"line":861,"column":25}},"599":{"start":{"line":863,"column":8},"end":{"line":865,"column":9}},"600":{"start":{"line":864,"column":12},"end":{"line":864,"column":25}},"601":{"start":{"line":867,"column":4},"end":{"line":870,"column":5}},"602":{"start":{"line":868,"column":8},"end":{"line":868,"column":61}},"603":{"start":{"line":869,"column":8},"end":{"line":869,"column":21}},"604":{"start":{"line":871,"column":18},"end":{"line":871,"column":34}},"605":{"start":{"line":872,"column":4},"end":{"line":875,"column":5}},"606":{"start":{"line":873,"column":8},"end":{"line":873,"column":57}},"607":{"start":{"line":874,"column":8},"end":{"line":874,"column":21}},"608":{"start":{"line":876,"column":4},"end":{"line":878,"column":5}},"609":{"start":{"line":877,"column":8},"end":{"line":877,"column":21}},"610":{"start":{"line":879,"column":4},"end":{"line":879,"column":16}},"611":{"start":{"line":882,"column":4},"end":{"line":882,"column":54}},"612":{"start":{"line":883,"column":16},"end":{"line":883,"column":44}},"613":{"start":{"line":884,"column":4},"end":{"line":887,"column":5}},"614":{"start":{"line":885,"column":8},"end":{"line":885,"column":73}},"615":{"start":{"line":886,"column":8},"end":{"line":886,"column":21}},"616":{"start":{"line":888,"column":4},"end":{"line":893,"column":5}},"617":{"start":{"line":889,"column":8},"end":{"line":892,"column":9}},"618":{"start":{"line":890,"column":12},"end":{"line":890,"column":56}},"619":{"start":{"line":891,"column":12},"end":{"line":891,"column":25}},"620":{"start":{"line":894,"column":4},"end":{"line":897,"column":5}},"621":{"start":{"line":895,"column":8},"end":{"line":895,"column":68}},"622":{"start":{"line":896,"column":8},"end":{"line":896,"column":21}},"623":{"start":{"line":898,"column":16},"end":{"line":898,"column":40}},"624":{"start":{"line":899,"column":4},"end":{"line":902,"column":5}},"625":{"start":{"line":900,"column":8},"end":{"line":900,"column":54}},"626":{"start":{"line":901,"column":8},"end":{"line":901,"column":21}},"627":{"start":{"line":903,"column":4},"end":{"line":906,"column":5}},"628":{"start":{"line":904,"column":8},"end":{"line":904,"column":63}},"629":{"start":{"line":905,"column":8},"end":{"line":905,"column":21}},"630":{"start":{"line":907,"column":4},"end":{"line":920,"column":5}},"631":{"start":{"line":908,"column":8},"end":{"line":911,"column":9}},"632":{"start":{"line":909,"column":12},"end":{"line":909,"column":59}},"633":{"start":{"line":910,"column":12},"end":{"line":910,"column":25}},"634":{"start":{"line":913,"column":8},"end":{"line":913,"column":46}},"635":{"start":{"line":914,"column":8},"end":{"line":917,"column":9}},"636":{"start":{"line":915,"column":12},"end":{"line":915,"column":61}},"637":{"start":{"line":916,"column":12},"end":{"line":916,"column":25}},"638":{"start":{"line":918,"column":8},"end":{"line":918,"column":39}},"639":{"start":{"line":919,"column":8},"end":{"line":919,"column":41}},"640":{"start":{"line":921,"column":4},"end":{"line":924,"column":5}},"641":{"start":{"line":922,"column":8},"end":{"line":922,"column":69}},"642":{"start":{"line":923,"column":8},"end":{"line":923,"column":21}},"643":{"start":{"line":925,"column":16},"end":{"line":925,"column":40}},"644":{"start":{"line":926,"column":4},"end":{"line":929,"column":5}},"645":{"start":{"line":927,"column":8},"end":{"line":927,"column":54}},"646":{"start":{"line":928,"column":8},"end":{"line":928,"column":21}},"647":{"start":{"line":930,"column":4},"end":{"line":994,"column":5}},"648":{"start":{"line":931,"column":8},"end":{"line":931,"column":23}},"649":{"start":{"line":932,"column":8},"end":{"line":986,"column":9}},"650":{"start":{"line":933,"column":12},"end":{"line":935,"column":13}},"651":{"start":{"line":934,"column":16},"end":{"line":934,"column":29}},"652":{"start":{"line":936,"column":24},"end":{"line":936,"column":46}},"653":{"start":{"line":937,"column":12},"end":{"line":940,"column":13}},"654":{"start":{"line":938,"column":16},"end":{"line":938,"column":118}},"655":{"start":{"line":939,"column":16},"end":{"line":939,"column":29}},"656":{"start":{"line":941,"column":23},"end":{"line":941,"column":31}},"657":{"start":{"line":942,"column":12},"end":{"line":945,"column":13}},"658":{"start":{"line":943,"column":16},"end":{"line":943,"column":66}},"659":{"start":{"line":944,"column":16},"end":{"line":944,"column":29}},"660":{"start":{"line":946,"column":12},"end":{"line":949,"column":13}},"661":{"start":{"line":947,"column":16},"end":{"line":947,"column":76}},"662":{"start":{"line":948,"column":16},"end":{"line":948,"column":29}},"663":{"start":{"line":950,"column":12},"end":{"line":950,"column":33}},"664":{"start":{"line":951,"column":21},"end":{"line":951,"column":36}},"665":{"start":{"line":952,"column":12},"end":{"line":955,"column":13}},"666":{"start":{"line":953,"column":16},"end":{"line":953,"column":66}},"667":{"start":{"line":954,"column":16},"end":{"line":954,"column":29}},"668":{"start":{"line":956,"column":27},"end":{"line":956,"column":42}},"669":{"start":{"line":957,"column":12},"end":{"line":960,"column":13}},"670":{"start":{"line":958,"column":16},"end":{"line":958,"column":121}},"671":{"start":{"line":959,"column":16},"end":{"line":959,"column":29}},"672":{"start":{"line":961,"column":24},"end":{"line":961,"column":35}},"673":{"start":{"line":962,"column":12},"end":{"line":965,"column":13}},"674":{"start":{"line":963,"column":16},"end":{"line":963,"column":78}},"675":{"start":{"line":964,"column":16},"end":{"line":964,"column":29}},"676":{"start":{"line":966,"column":30},"end":{"line":966,"column":39}},"677":{"start":{"line":967,"column":12},"end":{"line":970,"column":13}},"678":{"start":{"line":968,"column":16},"end":{"line":968,"column":72}},"679":{"start":{"line":969,"column":16},"end":{"line":969,"column":29}},"680":{"start":{"line":971,"column":12},"end":{"line":974,"column":13}},"681":{"start":{"line":972,"column":16},"end":{"line":972,"column":67}},"682":{"start":{"line":973,"column":16},"end":{"line":973,"column":29}},"683":{"start":{"line":975,"column":12},"end":{"line":975,"column":52}},"684":{"start":{"line":976,"column":12},"end":{"line":979,"column":13}},"685":{"start":{"line":977,"column":16},"end":{"line":977,"column":75}},"686":{"start":{"line":978,"column":16},"end":{"line":978,"column":29}},"687":{"start":{"line":980,"column":12},"end":{"line":985,"column":13}},"688":{"start":{"line":981,"column":16},"end":{"line":984,"column":17}},"689":{"start":{"line":982,"column":20},"end":{"line":982,"column":86}},"690":{"start":{"line":983,"column":20},"end":{"line":983,"column":33}},"691":{"start":{"line":987,"column":8},"end":{"line":987,"column":56}},"692":{"start":{"line":988,"column":8},"end":{"line":988,"column":20}},"693":{"start":{"line":991,"column":8},"end":{"line":991,"column":63}},"694":{"start":{"line":992,"column":8},"end":{"line":992,"column":25}},"695":{"start":{"line":993,"column":8},"end":{"line":993,"column":20}},"696":{"start":{"line":997,"column":16},"end":{"line":997,"column":36}},"697":{"start":{"line":998,"column":4},"end":{"line":1001,"column":5}},"698":{"start":{"line":999,"column":8},"end":{"line":999,"column":71}},"699":{"start":{"line":1000,"column":8},"end":{"line":1000,"column":21}},"700":{"start":{"line":1002,"column":4},"end":{"line":1007,"column":5}},"701":{"start":{"line":1003,"column":8},"end":{"line":1006,"column":9}},"702":{"start":{"line":1004,"column":12},"end":{"line":1004,"column":56}},"703":{"start":{"line":1005,"column":12},"end":{"line":1005,"column":25}},"704":{"start":{"line":1008,"column":4},"end":{"line":1011,"column":5}},"705":{"start":{"line":1009,"column":8},"end":{"line":1009,"column":63}},"706":{"start":{"line":1010,"column":8},"end":{"line":1010,"column":21}},"707":{"start":{"line":1012,"column":18},"end":{"line":1012,"column":36}},"708":{"start":{"line":1013,"column":4},"end":{"line":1016,"column":5}},"709":{"start":{"line":1014,"column":8},"end":{"line":1014,"column":57}},"710":{"start":{"line":1015,"column":8},"end":{"line":1015,"column":21}},"711":{"start":{"line":1017,"column":4},"end":{"line":1020,"column":5}},"712":{"start":{"line":1018,"column":8},"end":{"line":1018,"column":55}},"713":{"start":{"line":1019,"column":8},"end":{"line":1019,"column":21}},"714":{"start":{"line":1021,"column":4},"end":{"line":1049,"column":5}},"715":{"start":{"line":1022,"column":8},"end":{"line":1024,"column":9}},"716":{"start":{"line":1023,"column":12},"end":{"line":1023,"column":25}},"717":{"start":{"line":1025,"column":8},"end":{"line":1048,"column":9}},"718":{"start":{"line":1026,"column":12},"end":{"line":1026,"column":32}},"719":{"start":{"line":1027,"column":12},"end":{"line":1029,"column":13}},"720":{"start":{"line":1028,"column":16},"end":{"line":1028,"column":29}},"721":{"start":{"line":1030,"column":12},"end":{"line":1035,"column":13}},"722":{"start":{"line":1031,"column":16},"end":{"line":1034,"column":17}},"723":{"start":{"line":1032,"column":20},"end":{"line":1032,"column":83}},"724":{"start":{"line":1033,"column":20},"end":{"line":1033,"column":33}},"725":{"start":{"line":1038,"column":12},"end":{"line":1047,"column":13}},"726":{"start":{"line":1039,"column":16},"end":{"line":1042,"column":17}},"727":{"start":{"line":1040,"column":20},"end":{"line":1040,"column":88}},"728":{"start":{"line":1041,"column":20},"end":{"line":1041,"column":33}},"729":{"start":{"line":1045,"column":16},"end":{"line":1045,"column":86}},"730":{"start":{"line":1046,"column":16},"end":{"line":1046,"column":29}},"731":{"start":{"line":1050,"column":4},"end":{"line":1050,"column":38}},"732":{"start":{"line":1051,"column":4},"end":{"line":1096,"column":5}},"733":{"start":{"line":1052,"column":20},"end":{"line":1052,"column":36}},"734":{"start":{"line":1053,"column":8},"end":{"line":1056,"column":9}},"735":{"start":{"line":1054,"column":12},"end":{"line":1054,"column":72}},"736":{"start":{"line":1055,"column":12},"end":{"line":1055,"column":25}},"737":{"start":{"line":1057,"column":8},"end":{"line":1095,"column":9}},"738":{"start":{"line":1058,"column":12},"end":{"line":1061,"column":13}},"739":{"start":{"line":1059,"column":16},"end":{"line":1059,"column":63}},"740":{"start":{"line":1060,"column":16},"end":{"line":1060,"column":29}},"741":{"start":{"line":1063,"column":13},"end":{"line":1095,"column":9}},"742":{"start":{"line":1064,"column":27},"end":{"line":1064,"column":45}},"743":{"start":{"line":1065,"column":12},"end":{"line":1067,"column":13}},"744":{"start":{"line":1066,"column":16},"end":{"line":1066,"column":29}},"745":{"start":{"line":1068,"column":12},"end":{"line":1073,"column":13}},"746":{"start":{"line":1069,"column":16},"end":{"line":1072,"column":17}},"747":{"start":{"line":1070,"column":20},"end":{"line":1070,"column":88}},"748":{"start":{"line":1071,"column":20},"end":{"line":1071,"column":33}},"749":{"start":{"line":1074,"column":22},"end":{"line":1074,"column":34}},"750":{"start":{"line":1075,"column":12},"end":{"line":1078,"column":13}},"751":{"start":{"line":1076,"column":16},"end":{"line":1076,"column":87}},"752":{"start":{"line":1077,"column":16},"end":{"line":1077,"column":29}},"753":{"start":{"line":1079,"column":25},"end":{"line":1079,"column":38}},"754":{"start":{"line":1080,"column":12},"end":{"line":1083,"column":13}},"755":{"start":{"line":1081,"column":16},"end":{"line":1081,"column":68}},"756":{"start":{"line":1082,"column":16},"end":{"line":1082,"column":29}},"757":{"start":{"line":1084,"column":12},"end":{"line":1087,"column":13}},"758":{"start":{"line":1085,"column":16},"end":{"line":1085,"column":79}},"759":{"start":{"line":1086,"column":16},"end":{"line":1086,"column":29}},"760":{"start":{"line":1088,"column":20},"end":{"line":1088,"column":21}},"761":{"start":{"line":1089,"column":12},"end":{"line":1094,"column":13}},"762":{"start":{"line":1090,"column":16},"end":{"line":1093,"column":17}},"763":{"start":{"line":1091,"column":20},"end":{"line":1091,"column":88}},"764":{"start":{"line":1092,"column":20},"end":{"line":1092,"column":33}},"765":{"start":{"line":1097,"column":4},"end":{"line":1097,"column":16}},"766":{"start":{"line":1100,"column":15},"end":{"line":1100,"column":34}},"767":{"start":{"line":1101,"column":4},"end":{"line":1104,"column":5}},"768":{"start":{"line":1102,"column":8},"end":{"line":1102,"column":53}},"769":{"start":{"line":1103,"column":8},"end":{"line":1103,"column":20}},"770":{"start":{"line":1105,"column":4},"end":{"line":1108,"column":5}},"771":{"start":{"line":1106,"column":8},"end":{"line":1106,"column":71}},"772":{"start":{"line":1107,"column":8},"end":{"line":1107,"column":21}},"773":{"start":{"line":1109,"column":14},"end":{"line":1109,"column":21}},"774":{"start":{"line":1110,"column":4},"end":{"line":1204,"column":5}},"775":{"start":{"line":1111,"column":29},"end":{"line":1111,"column":40}},"776":{"start":{"line":1112,"column":8},"end":{"line":1115,"column":9}},"777":{"start":{"line":1113,"column":12},"end":{"line":1113,"column":58}},"778":{"start":{"line":1114,"column":12},"end":{"line":1114,"column":25}},"779":{"start":{"line":1116,"column":8},"end":{"line":1119,"column":9}},"780":{"start":{"line":1117,"column":12},"end":{"line":1117,"column":62}},"781":{"start":{"line":1118,"column":12},"end":{"line":1118,"column":25}},"782":{"start":{"line":1120,"column":8},"end":{"line":1124,"column":9}},"783":{"start":{"line":1121,"column":12},"end":{"line":1123,"column":13}},"784":{"start":{"line":1122,"column":16},"end":{"line":1122,"column":29}},"785":{"start":{"line":1126,"column":9},"end":{"line":1204,"column":5}},"786":{"start":{"line":1127,"column":26},"end":{"line":1127,"column":37}},"787":{"start":{"line":1128,"column":8},"end":{"line":1131,"column":9}},"788":{"start":{"line":1129,"column":12},"end":{"line":1129,"column":65}},"789":{"start":{"line":1130,"column":12},"end":{"line":1130,"column":25}},"790":{"start":{"line":1132,"column":20},"end":{"line":1132,"column":44}},"791":{"start":{"line":1133,"column":8},"end":{"line":1136,"column":9}},"792":{"start":{"line":1134,"column":12},"end":{"line":1134,"column":79}},"793":{"start":{"line":1135,"column":12},"end":{"line":1135,"column":25}},"794":{"start":{"line":1137,"column":19},"end":{"line":1137,"column":27}},"795":{"start":{"line":1138,"column":23},"end":{"line":1138,"column":41}},"796":{"start":{"line":1139,"column":8},"end":{"line":1142,"column":9}},"797":{"start":{"line":1140,"column":12},"end":{"line":1140,"column":56}},"798":{"start":{"line":1141,"column":12},"end":{"line":1141,"column":25}},"799":{"start":{"line":1143,"column":8},"end":{"line":1146,"column":9}},"800":{"start":{"line":1144,"column":12},"end":{"line":1144,"column":66}},"801":{"start":{"line":1145,"column":12},"end":{"line":1145,"column":25}},"802":{"start":{"line":1148,"column":9},"end":{"line":1204,"column":5}},"803":{"start":{"line":1149,"column":26},"end":{"line":1149,"column":37}},"804":{"start":{"line":1150,"column":8},"end":{"line":1153,"column":9}},"805":{"start":{"line":1151,"column":12},"end":{"line":1151,"column":67}},"806":{"start":{"line":1152,"column":12},"end":{"line":1152,"column":25}},"807":{"start":{"line":1154,"column":20},"end":{"line":1154,"column":44}},"808":{"start":{"line":1155,"column":8},"end":{"line":1158,"column":9}},"809":{"start":{"line":1156,"column":12},"end":{"line":1156,"column":70}},"810":{"start":{"line":1157,"column":12},"end":{"line":1157,"column":25}},"811":{"start":{"line":1159,"column":19},"end":{"line":1159,"column":27}},"812":{"start":{"line":1160,"column":23},"end":{"line":1160,"column":41}},"813":{"start":{"line":1161,"column":8},"end":{"line":1164,"column":9}},"814":{"start":{"line":1162,"column":12},"end":{"line":1162,"column":66}},"815":{"start":{"line":1163,"column":12},"end":{"line":1163,"column":25}},"816":{"start":{"line":1165,"column":24},"end":{"line":1165,"column":41}},"817":{"start":{"line":1166,"column":8},"end":{"line":1169,"column":9}},"818":{"start":{"line":1167,"column":12},"end":{"line":1167,"column":60}},"819":{"start":{"line":1168,"column":12},"end":{"line":1168,"column":25}},"820":{"start":{"line":1170,"column":25},"end":{"line":1170,"column":34}},"821":{"start":{"line":1171,"column":8},"end":{"line":1174,"column":9}},"822":{"start":{"line":1172,"column":12},"end":{"line":1172,"column":63}},"823":{"start":{"line":1173,"column":12},"end":{"line":1173,"column":24}},"824":{"start":{"line":1175,"column":8},"end":{"line":1177,"column":9}},"825":{"start":{"line":1176,"column":12},"end":{"line":1176,"column":49}},"826":{"start":{"line":1178,"column":8},"end":{"line":1180,"column":9}},"827":{"start":{"line":1179,"column":12},"end":{"line":1179,"column":72}},"828":{"start":{"line":1181,"column":8},"end":{"line":1184,"column":9}},"829":{"start":{"line":1182,"column":12},"end":{"line":1182,"column":62}},"830":{"start":{"line":1183,"column":12},"end":{"line":1183,"column":25}},"831":{"start":{"line":1186,"column":9},"end":{"line":1204,"column":5}},"832":{"start":{"line":1187,"column":23},"end":{"line":1187,"column":34}},"833":{"start":{"line":1188,"column":8},"end":{"line":1191,"column":9}},"834":{"start":{"line":1189,"column":12},"end":{"line":1189,"column":56}},"835":{"start":{"line":1190,"column":12},"end":{"line":1190,"column":25}},"836":{"start":{"line":1192,"column":30},"end":{"line":1192,"column":51}},"837":{"start":{"line":1193,"column":8},"end":{"line":1196,"column":9}},"838":{"start":{"line":1194,"column":12},"end":{"line":1194,"column":65}},"839":{"start":{"line":1195,"column":12},"end":{"line":1195,"column":25}},"840":{"start":{"line":1197,"column":8},"end":{"line":1199,"column":9}},"841":{"start":{"line":1198,"column":12},"end":{"line":1198,"column":25}},"842":{"start":{"line":1202,"column":8},"end":{"line":1202,"column":62}},"843":{"start":{"line":1203,"column":8},"end":{"line":1203,"column":21}},"844":{"start":{"line":1205,"column":4},"end":{"line":1205,"column":16}},"845":{"start":{"line":1208,"column":12},"end":{"line":1208,"column":14}},"846":{"start":{"line":1209,"column":4},"end":{"line":1209,"column":34}},"847":{"start":{"line":1210,"column":4},"end":{"line":1210,"column":46}},"848":{"start":{"line":1211,"column":4},"end":{"line":1211,"column":30}},"849":{"start":{"line":1212,"column":4},"end":{"line":1212,"column":33}},"850":{"start":{"line":1213,"column":4},"end":{"line":1213,"column":46}},"851":{"start":{"line":1214,"column":4},"end":{"line":1214,"column":30}},"852":{"start":{"line":1215,"column":4},"end":{"line":1215,"column":32}},"853":{"start":{"line":1216,"column":4},"end":{"line":1216,"column":26}},"854":{"start":{"line":1217,"column":4},"end":{"line":1217,"column":43}},"855":{"start":{"line":1218,"column":4},"end":{"line":1218,"column":65}},"856":{"start":{"line":1219,"column":4},"end":{"line":1219,"column":102}},"857":{"start":{"line":1220,"column":13},"end":{"line":1220,"column":15}},"858":{"start":{"line":1221,"column":4},"end":{"line":1221,"column":35}},"859":{"start":{"line":1222,"column":4},"end":{"line":1222,"column":47}},"860":{"start":{"line":1223,"column":4},"end":{"line":1223,"column":31}},"861":{"start":{"line":1224,"column":4},"end":{"line":1224,"column":34}},"862":{"start":{"line":1225,"column":4},"end":{"line":1225,"column":47}},"863":{"start":{"line":1226,"column":4},"end":{"line":1226,"column":31}},"864":{"start":{"line":1227,"column":4},"end":{"line":1227,"column":33}},"865":{"start":{"line":1228,"column":4},"end":{"line":1228,"column":27}},"866":{"start":{"line":1229,"column":4},"end":{"line":1229,"column":44}},"867":{"start":{"line":1230,"column":4},"end":{"line":1230,"column":54}},"868":{"start":{"line":1231,"column":4},"end":{"line":1231,"column":103}},"869":{"start":{"line":1232,"column":13},"end":{"line":1232,"column":15}},"870":{"start":{"line":1233,"column":4},"end":{"line":1233,"column":35}},"871":{"start":{"line":1234,"column":4},"end":{"line":1234,"column":47}},"872":{"start":{"line":1235,"column":4},"end":{"line":1235,"column":31}},"873":{"start":{"line":1236,"column":4},"end":{"line":1236,"column":34}},"874":{"start":{"line":1237,"column":4},"end":{"line":1237,"column":47}},"875":{"start":{"line":1238,"column":4},"end":{"line":1238,"column":31}},"876":{"start":{"line":1239,"column":4},"end":{"line":1239,"column":33}},"877":{"start":{"line":1240,"column":4},"end":{"line":1240,"column":27}},"878":{"start":{"line":1241,"column":4},"end":{"line":1241,"column":26}},"879":{"start":{"line":1242,"column":4},"end":{"line":1242,"column":54}},"880":{"start":{"line":1243,"column":4},"end":{"line":1243,"column":103}},"881":{"start":{"line":1244,"column":13},"end":{"line":1244,"column":15}},"882":{"start":{"line":1245,"column":4},"end":{"line":1245,"column":35}},"883":{"start":{"line":1246,"column":4},"end":{"line":1246,"column":47}},"884":{"start":{"line":1247,"column":4},"end":{"line":1247,"column":31}},"885":{"start":{"line":1248,"column":4},"end":{"line":1248,"column":34}},"886":{"start":{"line":1249,"column":4},"end":{"line":1249,"column":47}},"887":{"start":{"line":1250,"column":4},"end":{"line":1250,"column":31}},"888":{"start":{"line":1251,"column":4},"end":{"line":1251,"column":33}},"889":{"start":{"line":1252,"column":4},"end":{"line":1252,"column":27}},"890":{"start":{"line":1253,"column":4},"end":{"line":1253,"column":53}},"891":{"start":{"line":1254,"column":4},"end":{"line":1254,"column":58}},"892":{"start":{"line":1255,"column":4},"end":{"line":1255,"column":103}},"893":{"start":{"line":1256,"column":13},"end":{"line":1256,"column":15}},"894":{"start":{"line":1257,"column":4},"end":{"line":1257,"column":35}},"895":{"start":{"line":1258,"column":4},"end":{"line":1258,"column":47}},"896":{"start":{"line":1259,"column":4},"end":{"line":1259,"column":31}},"897":{"start":{"line":1260,"column":4},"end":{"line":1260,"column":34}},"898":{"start":{"line":1261,"column":4},"end":{"line":1261,"column":47}},"899":{"start":{"line":1262,"column":4},"end":{"line":1262,"column":31}},"900":{"start":{"line":1263,"column":4},"end":{"line":1263,"column":33}},"901":{"start":{"line":1264,"column":4},"end":{"line":1264,"column":27}},"902":{"start":{"line":1265,"column":4},"end":{"line":1265,"column":37}},"903":{"start":{"line":1266,"column":4},"end":{"line":1266,"column":64}},"904":{"start":{"line":1267,"column":4},"end":{"line":1267,"column":103}},"905":{"start":{"line":1268,"column":13},"end":{"line":1268,"column":15}},"906":{"start":{"line":1269,"column":4},"end":{"line":1269,"column":35}},"907":{"start":{"line":1270,"column":4},"end":{"line":1270,"column":47}},"908":{"start":{"line":1271,"column":4},"end":{"line":1271,"column":30}},"909":{"start":{"line":1272,"column":4},"end":{"line":1272,"column":33}},"910":{"start":{"line":1273,"column":4},"end":{"line":1273,"column":47}},"911":{"start":{"line":1274,"column":4},"end":{"line":1274,"column":31}},"912":{"start":{"line":1275,"column":4},"end":{"line":1275,"column":33}},"913":{"start":{"line":1276,"column":4},"end":{"line":1276,"column":27}},"914":{"start":{"line":1277,"column":4},"end":{"line":1277,"column":37}},"915":{"start":{"line":1278,"column":4},"end":{"line":1278,"column":64}},"916":{"start":{"line":1279,"column":4},"end":{"line":1279,"column":102}},"917":{"start":{"line":1280,"column":4},"end":{"line":1280,"column":18}},"918":{"start":{"line":1281,"column":4},"end":{"line":1281,"column":19}},"919":{"start":{"line":1282,"column":4},"end":{"line":1282,"column":19}},"920":{"start":{"line":1283,"column":4},"end":{"line":1283,"column":19}},"921":{"start":{"line":1284,"column":4},"end":{"line":1284,"column":19}},"922":{"start":{"line":1285,"column":4},"end":{"line":1285,"column":19}},"923":{"start":{"line":1286,"column":4},"end":{"line":1286,"column":17}}},"fnMap":{"0":{"name":"(anonymous_0)","decl":{"start":{"line":2,"column":44},"end":{"line":2,"column":45}},"loc":{"start":{"line":2,"column":89},"end":{"line":9,"column":1}},"line":2},"1":{"name":"(anonymous_1)","decl":{"start":{"line":3,"column":36},"end":{"line":3,"column":37}},"loc":{"start":{"line":3,"column":63},"end":{"line":8,"column":5}},"line":3},"2":{"name":"fulfilled","decl":{"start":{"line":4,"column":17},"end":{"line":4,"column":26}},"loc":{"start":{"line":4,"column":34},"end":{"line":4,"column":99}},"line":4},"3":{"name":"rejected","decl":{"start":{"line":5,"column":17},"end":{"line":5,"column":25}},"loc":{"start":{"line":5,"column":33},"end":{"line":5,"column":102}},"line":5},"4":{"name":"step","decl":{"start":{"line":6,"column":17},"end":{"line":6,"column":21}},"loc":{"start":{"line":6,"column":30},"end":{"line":6,"column":151}},"line":6},"5":{"name":"(anonymous_5)","decl":{"start":{"line":6,"column":76},"end":{"line":6,"column":77}},"loc":{"start":{"line":6,"column":95},"end":{"line":6,"column":121}},"line":6},"6":{"name":"(anonymous_6)","decl":{"start":{"line":36,"column":4},"end":{"line":36,"column":5}},"loc":{"start":{"line":36,"column":18},"end":{"line":42,"column":5}},"line":36},"7":{"name":"(anonymous_7)","decl":{"start":{"line":43,"column":4},"end":{"line":43,"column":5}},"loc":{"start":{"line":43,"column":34},"end":{"line":268,"column":5}},"line":43},"8":{"name":"(anonymous_8)","decl":{"start":{"line":60,"column":27},"end":{"line":60,"column":28}},"loc":{"start":{"line":60,"column":54},"end":{"line":267,"column":9}},"line":60},"9":{"name":"(anonymous_9)","decl":{"start":{"line":64,"column":62},"end":{"line":64,"column":63}},"loc":{"start":{"line":64,"column":81},"end":{"line":141,"column":17}},"line":64},"10":{"name":"(anonymous_10)","decl":{"start":{"line":65,"column":54},"end":{"line":65,"column":55}},"loc":{"start":{"line":65,"column":84},"end":{"line":69,"column":21}},"line":65},"11":{"name":"(anonymous_11)","decl":{"start":{"line":73,"column":30},"end":{"line":73,"column":31}},"loc":{"start":{"line":73,"column":50},"end":{"line":138,"column":21}},"line":73},"12":{"name":"(anonymous_12)","decl":{"start":{"line":138,"column":29},"end":{"line":138,"column":30}},"loc":{"start":{"line":138,"column":46},"end":{"line":140,"column":21}},"line":138},"13":{"name":"(anonymous_13)","decl":{"start":{"line":141,"column":25},"end":{"line":141,"column":26}},"loc":{"start":{"line":141,"column":42},"end":{"line":143,"column":17}},"line":141},"14":{"name":"(anonymous_14)","decl":{"start":{"line":147,"column":62},"end":{"line":147,"column":63}},"loc":{"start":{"line":147,"column":81},"end":{"line":260,"column":17}},"line":147},"15":{"name":"(anonymous_15)","decl":{"start":{"line":148,"column":59},"end":{"line":148,"column":60}},"loc":{"start":{"line":148,"column":72},"end":{"line":259,"column":21}},"line":148},"16":{"name":"(anonymous_16)","decl":{"start":{"line":163,"column":58},"end":{"line":163,"column":59}},"loc":{"start":{"line":163,"column":86},"end":{"line":181,"column":33}},"line":163},"17":{"name":"(anonymous_17)","decl":{"start":{"line":164,"column":50},"end":{"line":164,"column":51}},"loc":{"start":{"line":164,"column":59},"end":{"line":178,"column":37}},"line":164},"18":{"name":"(anonymous_18)","decl":{"start":{"line":166,"column":55},"end":{"line":166,"column":56}},"loc":{"start":{"line":166,"column":66},"end":{"line":168,"column":41}},"line":166},"19":{"name":"(anonymous_19)","decl":{"start":{"line":169,"column":54},"end":{"line":169,"column":55}},"loc":{"start":{"line":169,"column":66},"end":{"line":177,"column":41}},"line":169},"20":{"name":"(anonymous_20)","decl":{"start":{"line":178,"column":51},"end":{"line":178,"column":52}},"loc":{"start":{"line":178,"column":66},"end":{"line":180,"column":37}},"line":178},"21":{"name":"(anonymous_21)","decl":{"start":{"line":184,"column":58},"end":{"line":184,"column":59}},"loc":{"start":{"line":184,"column":78},"end":{"line":257,"column":29}},"line":184},"22":{"name":"(anonymous_22)","decl":{"start":{"line":197,"column":95},"end":{"line":197,"column":96}},"loc":{"start":{"line":197,"column":111},"end":{"line":208,"column":41}},"line":197},"23":{"name":"(anonymous_23)","decl":{"start":{"line":212,"column":59},"end":{"line":212,"column":60}},"loc":{"start":{"line":212,"column":78},"end":{"line":256,"column":33}},"line":212},"24":{"name":"(anonymous_24)","decl":{"start":{"line":260,"column":25},"end":{"line":260,"column":26}},"loc":{"start":{"line":260,"column":42},"end":{"line":262,"column":17}},"line":260},"25":{"name":"(anonymous_25)","decl":{"start":{"line":269,"column":4},"end":{"line":269,"column":5}},"loc":{"start":{"line":269,"column":22},"end":{"line":295,"column":5}},"line":269},"26":{"name":"(anonymous_26)","decl":{"start":{"line":273,"column":27},"end":{"line":273,"column":28}},"loc":{"start":{"line":273,"column":48},"end":{"line":294,"column":9}},"line":273},"27":{"name":"(anonymous_27)","decl":{"start":{"line":280,"column":78},"end":{"line":280,"column":79}},"loc":{"start":{"line":280,"column":93},"end":{"line":293,"column":13}},"line":280},"28":{"name":"(anonymous_28)","decl":{"start":{"line":282,"column":46},"end":{"line":282,"column":47}},"loc":{"start":{"line":282,"column":53},"end":{"line":288,"column":21}},"line":282},"29":{"name":"(anonymous_29)","decl":{"start":{"line":286,"column":61},"end":{"line":286,"column":62}},"loc":{"start":{"line":286,"column":71},"end":{"line":286,"column":85}},"line":286},"30":{"name":"(anonymous_30)","decl":{"start":{"line":296,"column":4},"end":{"line":296,"column":5}},"loc":{"start":{"line":296,"column":19},"end":{"line":301,"column":5}},"line":296},"31":{"name":"(anonymous_31)","decl":{"start":{"line":298,"column":27},"end":{"line":298,"column":28}},"loc":{"start":{"line":298,"column":54},"end":{"line":300,"column":9}},"line":298},"32":{"name":"(anonymous_32)","decl":{"start":{"line":302,"column":4},"end":{"line":302,"column":5}},"loc":{"start":{"line":302,"column":24},"end":{"line":367,"column":5}},"line":302},"33":{"name":"(anonymous_33)","decl":{"start":{"line":305,"column":27},"end":{"line":305,"column":28}},"loc":{"start":{"line":305,"column":54},"end":{"line":366,"column":9}},"line":305},"34":{"name":"(anonymous_34)","decl":{"start":{"line":307,"column":46},"end":{"line":307,"column":47}},"loc":{"start":{"line":307,"column":62},"end":{"line":311,"column":13}},"line":307},"35":{"name":"GetBuilding","decl":{"start":{"line":370,"column":9},"end":{"line":370,"column":20}},"loc":{"start":{"line":370,"column":38},"end":{"line":416,"column":1}},"line":370},"36":{"name":"GetRoom","decl":{"start":{"line":417,"column":9},"end":{"line":417,"column":16}},"loc":{"start":{"line":417,"column":61},"end":{"line":480,"column":1}},"line":417},"37":{"name":"GetBody","decl":{"start":{"line":481,"column":9},"end":{"line":481,"column":16}},"loc":{"start":{"line":481,"column":27},"end":{"line":495,"column":1}},"line":481},"38":{"name":"GroupAndApply","decl":{"start":{"line":496,"column":9},"end":{"line":496,"column":22}},"loc":{"start":{"line":496,"column":48},"end":{"line":536,"column":1}},"line":496},"39":{"name":"applyHelper","decl":{"start":{"line":537,"column":9},"end":{"line":537,"column":20}},"loc":{"start":{"line":537,"column":30},"end":{"line":591,"column":1}},"line":537},"40":{"name":"search","decl":{"start":{"line":592,"column":9},"end":{"line":592,"column":15}},"loc":{"start":{"line":592,"column":29},"end":{"line":625,"column":1}},"line":592},"41":{"name":"andHelper","decl":{"start":{"line":626,"column":9},"end":{"line":626,"column":18}},"loc":{"start":{"line":626,"column":40},"end":{"line":638,"column":1}},"line":626},"42":{"name":"orHelper","decl":{"start":{"line":639,"column":9},"end":{"line":639,"column":17}},"loc":{"start":{"line":639,"column":38},"end":{"line":656,"column":1}},"line":639},"43":{"name":"notHelper","decl":{"start":{"line":657,"column":9},"end":{"line":657,"column":18}},"loc":{"start":{"line":657,"column":40},"end":{"line":669,"column":1}},"line":657},"44":{"name":"ltHelper","decl":{"start":{"line":670,"column":9},"end":{"line":670,"column":17}},"loc":{"start":{"line":670,"column":38},"end":{"line":683,"column":1}},"line":670},"45":{"name":"gtHelper","decl":{"start":{"line":684,"column":9},"end":{"line":684,"column":17}},"loc":{"start":{"line":684,"column":38},"end":{"line":698,"column":1}},"line":684},"46":{"name":"eqHelper","decl":{"start":{"line":699,"column":9},"end":{"line":699,"column":17}},"loc":{"start":{"line":699,"column":38},"end":{"line":712,"column":1}},"line":699},"47":{"name":"isHelper","decl":{"start":{"line":713,"column":9},"end":{"line":713,"column":17}},"loc":{"start":{"line":713,"column":37},"end":{"line":765,"column":1}},"line":713},"48":{"name":"ListResult","decl":{"start":{"line":766,"column":9},"end":{"line":766,"column":19}},"loc":{"start":{"line":766,"column":51},"end":{"line":823,"column":1}},"line":766},"49":{"name":"(anonymous_49)","decl":{"start":{"line":781,"column":30},"end":{"line":781,"column":31}},"loc":{"start":{"line":781,"column":41},"end":{"line":781,"column":99}},"line":781},"50":{"name":"(anonymous_50)","decl":{"start":{"line":791,"column":26},"end":{"line":791,"column":27}},"loc":{"start":{"line":791,"column":42},"end":{"line":816,"column":9}},"line":791},"51":{"name":"validQuery","decl":{"start":{"line":824,"column":9},"end":{"line":824,"column":19}},"loc":{"start":{"line":824,"column":27},"end":{"line":880,"column":1}},"line":824},"52":{"name":"validTransformations","decl":{"start":{"line":881,"column":9},"end":{"line":881,"column":29}},"loc":{"start":{"line":881,"column":47},"end":{"line":995,"column":1}},"line":881},"53":{"name":"validOptions","decl":{"start":{"line":996,"column":9},"end":{"line":996,"column":21}},"loc":{"start":{"line":996,"column":41},"end":{"line":1098,"column":1}},"line":996},"54":{"name":"validFilter","decl":{"start":{"line":1099,"column":9},"end":{"line":1099,"column":20}},"loc":{"start":{"line":1099,"column":29},"end":{"line":1206,"column":1}},"line":1099},"55":{"name":"FMD","decl":{"start":{"line":1207,"column":9},"end":{"line":1207,"column":12}},"loc":{"start":{"line":1207,"column":24},"end":{"line":1287,"column":1}},"line":1207}},"branchMap":{"0":{"loc":{"start":{"line":2,"column":16},"end":{"line":9,"column":1}},"type":"binary-expr","locations":[{"start":{"line":2,"column":17},"end":{"line":2,"column":21}},{"start":{"line":2,"column":25},"end":{"line":2,"column":39}},{"start":{"line":2,"column":44},"end":{"line":9,"column":1}}],"line":2},"1":{"loc":{"start":{"line":3,"column":16},"end":{"line":3,"column":34}},"type":"binary-expr","locations":[{"start":{"line":3,"column":16},"end":{"line":3,"column":17}},{"start":{"line":3,"column":22},"end":{"line":3,"column":33}}],"line":3},"2":{"loc":{"start":{"line":6,"column":32},"end":{"line":6,"column":148}},"type":"cond-expr","locations":[{"start":{"line":6,"column":46},"end":{"line":6,"column":67}},{"start":{"line":6,"column":70},"end":{"line":6,"column":148}}],"line":6},"3":{"loc":{"start":{"line":7,"column":51},"end":{"line":7,"column":67}},"type":"binary-expr","locations":[{"start":{"line":7,"column":51},"end":{"line":7,"column":61}},{"start":{"line":7,"column":65},"end":{"line":7,"column":67}}],"line":7},"4":{"loc":{"start":{"line":48,"column":8},"end":{"line":50,"column":9}},"type":"if","locations":[{"start":{"line":48,"column":8},"end":{"line":50,"column":9}},{"start":{"line":48,"column":8},"end":{"line":50,"column":9}}],"line":48},"5":{"loc":{"start":{"line":48,"column":12},"end":{"line":48,"column":43}},"type":"binary-expr","locations":[{"start":{"line":48,"column":12},"end":{"line":48,"column":23}},{
[...]
41,"column":9}},"25":{"start":{"line":40,"column":12},"end":{"line":40,"column":70}},"26":{"start":{"line":44,"column":8},"end":{"line":46,"column":9}},"27":{"start":{"line":45,"column":12},"end":{"line":45,"column":71}},"28":{"start":{"line":49,"column":8},"end":{"line":51,"column":9}},"29":{"start":{"line":50,"column":12},"end":{"line":50,"column":71}},"30":{"start":{"line":54,"column":8},"end":{"line":56,"column":9}},"31":{"start":{"line":55,"column":12},"end":{"line":55,"column":72}},"32":{"start":{"line":59,"column":8},"end":{"line":61,"column":9}},"33":{"start":{"line":60,"column":12},"end":{"line":60,"column":70}},"34":{"start":{"line":64,"column":0},"end":{"line":64,"column":22}},"35":{"start":{"line":65,"column":0},"end":{"line":65,"column":22}}},"fnMap":{"0":{"name":"(anonymous_0)","decl":{"start":{"line":6,"column":1},"end":{"line":6,"column":2}},"loc":{"start":{"line":6,"column":21},"end":{"line":13,"column":1}},"line":6},"1":{"name":"(anonymous_1)","decl":{"start":{"line":38,"column":4},"end":{"line":38,"column":5}},"loc":{"start":{"line":38,"column":22},"end":{"line":42,"column":5}},"line":38},"2":{"name":"(anonymous_2)","decl":{"start":{"line":43,"column":4},"end":{"line":43,"column":5}},"loc":{"start":{"line":43,"column":21},"end":{"line":47,"column":5}},"line":43},"3":{"name":"(anonymous_3)","decl":{"start":{"line":48,"column":4},"end":{"line":48,"column":5}},"loc":{"start":{"line":48,"column":21},"end":{"line":52,"column":5}},"line":48},"4":{"name":"(anonymous_4)","decl":{"start":{"line":53,"column":4},"end":{"line":53,"column":5}},"loc":{"start":{"line":53,"column":22},"end":{"line":57,"column":5}},"line":53},"5":{"name":"(anonymous_5)","decl":{"start":{"line":58,"column":4},"end":{"line":58,"column":5}},"loc":{"start":{"line":58,"column":21},"end":{"line":62,"column":5}},"line":58}},"branchMap":{"0":{"loc":{"start":{"line":13,"column":3},"end":{"line":13,"column":30}},"type":"binary-expr","locations":[{"start":{"line":13,"column":3},"end":{"line":13,"column":11}},{"start":{"line":13,"column":16},"end":{"line":13,"column":29}}],"line":13},"1":{"loc":{"start":{"line":15,"column":0},"end":{"line":36,"column":1}},"type":"switch","locations":[{"start":{"line":16,"column":4},"end":{"line":18,"column":14}},{"start":{"line":19,"column":4},"end":{"line":21,"column":14}},{"start":{"line":22,"column":4},"end":{"line":24,"column":14}},{"start":{"line":25,"column":4},"end":{"line":27,"column":14}},{"start":{"line":28,"column":4},"end":{"line":30,"column":14}},{"start":{"line":31,"column":4},"end":{"line":33,"column":14}},{"start":{"line":34,"column":4},"end":{"line":35,"column":35}}],"line":15},"2":{"loc":{"start":{"line":15,"column":9},"end":{"line":15,"column":39}},"type":"binary-expr","locations":[{"start":{"line":15,"column":9},"end":{"line":15,"column":33}},{"start":{"line":15,"column":37},"end":{"line":15,"column":39}}],"line":15},"3":{"loc":{"start":{"line":39,"column":8},"end":{"line":41,"column":9}},"type":"if","locations":[{"start":{"line":39,"column":8},"end":{"line":41,"column":9}},{"start":{"line":39,"column":8},"end":{"line":41,"column":9}}],"line":39},"4":{"loc":{"start":{"line":44,"column":8},"end":{"line":46,"column":9}},"type":"if","locations":[{"start":{"line":44,"column":8},"end":{"line":46,"column":9}},{"start":{"line":44,"column":8},"end":{"line":46,"column":9}}],"line":44},"5":{"loc":{"start":{"line":49,"column":8},"end":{"line":51,"column":9}},"type":"if","locations":[{"start":{"line":49,"column":8},"end":{"line":51,"column":9}},{"start":{"line":49,"column":8},"end":{"line":51,"column":9}}],"line":49},"6":{"loc":{"start":{"line":54,"column":8},"end":{"line":56,"column":9}},"type":"if","locations":[{"start":{"line":54,"column":8},"end":{"line":56,"column":9}},{"start":{"line":54,"column":8},"end":{"line":56,"column":9}}],"line":54},"7":{"loc":{"start":{"line":59,"column":8},"end":{"line":61,"column":9}},"type":"if","locations":[{"start":{"line":59,"column":8},"end":{"line":61,"column":9}},{"start":{"line":59,"column":8},"end":{"line":61,"column":9}}],"line":59}},"s":{"0":1,"1":1,"2":1,"3":1,"4":1,"5":1,"6":1,"7":1,"8":1,"9":1,"10":1,"11":0,"12":0,"13":0,"14":0,"15":0,"16":0,"17":0,"18":0,"19":0,"20":0,"21":0,"22":0,"23":1,"24":1278,"25":1278,"26":4,"27":4,"28":0,"29":0,"30":0,"31":0,"32":46,"33":46,"34":1,"35":1},"f":{"0":1,"1":1278,"2":4,"3":0,"4":0,"5":46},"b":{"0":[1,1],"1":[0,0,0,0,0,0,1],"2":[1,1],"3":[1278,0],"4":[4,0],"5":[0,0],"6":[0,0],"7":[46,0]},"_coverageSchema":"332fd63041d2c1bcb487cc26dd0d5f7d97098a6c","hash":"010fbe42ca278e32b53ea760899562dc10fae0d9","contentHash":"e17ecaf4a53cc9d3da3713fb4fc1a24d_11.3.0"},"/Users/ysqmacbook/UBC_CPSC/CPSC310/d0_r8q0b/src/rest/Server.js":{"path":"/Users/ysqmacbook/UBC_CPSC/CPSC310/d0_r8q0b/src/rest/Server.js","statementMap":{"0":{"start":{"line":2,"column":0},"end":{"line":2,"column":62}},"1":{"start":{"line":3,"column":11},"end":{"line":3,"column":24}},"2":{"start":{"line":4,"column":16},"end":{"line":4,"column":34}},"3":{"start":{"line":5,"column":15},"end":{"line":5,"column":33}},"4":{"start":{"line":6,"column":25},"end":{"line":6,"column":64}},"5":{"start":{"line":7,"column":24},"end":{"line":7,"column":62}},"6":{"start":{"line":10,"column":8},"end":{"line":10,"column":62}},"7":{"start":{"line":11,"column":8},"end":{"line":11,"column":25}},"8":{"start":{"line":14,"column":8},"end":{"line":14,"column":47}},"9":{"start":{"line":15,"column":21},"end":{"line":15,"column":25}},"10":{"start":{"line":16,"column":8},"end":{"line":20,"column":11}},"11":{"start":{"line":17,"column":12},"end":{"line":19,"column":15}},"12":{"start":{"line":18,"column":16},"end":{"line":18,"column":30}},"13":{"start":{"line":23,"column":21},"end":{"line":23,"column":25}},"14":{"start":{"line":24,"column":8},"end":{"line":55,"column":11}},"15":{"start":{"line":25,"column":12},"end":{"line":54,"column":13}},"16":{"start":{"line":26,"column":16},"end":{"line":26,"column":63}},"17":{"start":{"line":27,"column":16},"end":{"line":29,"column":19}},"18":{"start":{"line":30,"column":16},"end":{"line":30,"column":87}},"19":{"start":{"line":31,"column":16},"end":{"line":35,"column":19}},"20":{"start":{"line":32,"column":20},"end":{"line":32,"column":67}},"21":{"start":{"line":33,"column":20},"end":{"line":33,"column":83}},"22":{"start":{"line":34,"column":20},"end":{"line":34,"column":34}},"23":{"start":{"line":36,"column":16},"end":{"line":36,"column":57}},"24":{"start":{"line":37,"column":16},"end":{"line":37,"column":71}},"25":{"start":{"line":38,"column":16},"end":{"line":38,"column":68}},"26":{"start":{"line":39,"column":16},"end":{"line":39,"column":59}},"27":{"start":{"line":40,"column":16},"end":{"line":40,"column":63}},"28":{"start":{"line":41,"column":16},"end":{"line":41,"column":55}},"29":{"start":{"line":42,"column":16},"end":{"line":45,"column":19}},"30":{"start":{"line":43,"column":20},"end":{"line":43,"column":97}},"31":{"start":{"line":44,"column":20},"end":{"line":44,"column":34}},"32":{"start":{"line":46,"column":16},"end":{"line":49,"column":19}},"33":{"start":{"line":47,"column":20},"end":{"line":47,"column":83}},"34":{"start":{"line":48,"column":20},"end":{"line":48,"column":32}},"35":{"start":{"line":52,"column":16},"end":{"line":52,"column":72}},"36":{"start":{"line":53,"column":16},"end":{"line":53,"column":28}},"37":{"start":{"line":58,"column":8},"end":{"line":58,"column":89}},"38":{"start":{"line":59,"column":8},"end":{"line":67,"column":9}},"39":{"start":{"line":60,"column":29},"end":{"line":60,"column":63}},"40":{"start":{"line":61,"column":12},"end":{"line":61,"column":72}},"41":{"start":{"line":62,"column":12},"end":{"line":62,"column":48}},"42":{"start":{"line":65,"column":12},"end":{"line":65,"column":70}},"43":{"start":{"line":66,"column":12},"end":{"line":66,"column":42}},"44":{"start":{"line":68,"column":8},"end":{"line":68,"column":22}},"45":{"start":{"line":71,"column":8},"end":{"line":76,"column":9}},"46":{"start":{"line":72,"column":12},"end":{"line":72,"column":37}},"47":{"start":{"line":75,"column":12},"end":{"line":75,"column":42}},"48":{"start":{"line":79,"column":26},"end":{"line":79,"column":44}},"49":{"start":{"line":80,"column":8},"end":{"line":80,"column":67}},"50":{"start":{"line":81,"column":19},"end":{"line":81,"column":43}},"51":{"start":{"line":82,"column":8},"end":{"line":84,"column":9}},"52":{"start":{"line":83,"column":12},"end":{"line":83,"column":56}},"53":{"start":{"line":85,"column":8},"end":{"line":94,"column":11}},"54":{"start":{"line":86,"column":12},"end":{"line":90,"column":13}},"55":{"start":{"line":87,"column":16},"end":{"line":87,"column":30}},"56":{"start":{"line":88,"column":16},"end":{"line":88,"column":58}},"57":{"start":{"line":89,"column":16},"end":{"line":89,"column":30}},"58":{"start":{"line":91,"column":12},"end":{"line":91,"column":28}},"59":{"start":{"line":92,"column":12},"end":{"line":92,"column":22}},"60":{"start":{"line":93,"column":12},"end":{"line":93,"column":26}},"61":{"start":{"line":97,"column":8},"end":{"line":119,"column":9}},"62":{"start":{"line":98,"column":23},"end":{"line":98,"column":38}},"63":{"start":{"line":100,"column":12},"end":{"line":105,"column":13}},"64":{"start":{"line":101,"column":16},"end":{"line":101,"column":71}},"65":{"start":{"line":103,"column":17},"end":{"line":105,"column":13}},"66":{"start":{"line":104,"column":16},"end":{"line":104,"column":69}},"67":{"start":{"line":106,"column":21},"end":{"line":106,"column":34}},"68":{"start":{"line":107,"column":28},"end":{"line":107,"column":74}},"69":{"start":{"line":108,"column":12},"end":{"line":115,"column":15}},"70":{"start":{"line":109,"column":16},"end":{"line":109,"column":41}},"71":{"start":{"line":110,"column":16},"end":{"line":110,"column":51}},"72":{"start":{"line":111,"column":16},"end":{"line":111,"column":30}},"73":{"start":{"line":113,"column":16},"end":{"line":113,"column":54}},"74":{"start":{"line":114,"column":16},"end":{"line":114,"column":30}},"75":{"start":{"line":118,"column":12},"end":{"line":118,"column":48}},"76":{"start":{"line":122,"column":8},"end":{"line":141,"column":9}},"77":{"start":{"line":123,"column":21},"end":{"line":123,"column":34}},"78":{"start":{"line":124,"column":12},"end":{"line":137,"column":15}},"79":{"start":{"line":125,"column":16},"end":{"line":125,"column":55}},"80":{"start":{"line":126,"column":16},"end":{"line":126,"column":51}},"81":{"start":{"line":127,"column":16},"end":{"line":127,"column":30}},"82":{"start":{"line":129,"column":16},"end":{"line":129,"column":52}},"83":{"start":{"line":130,"column":16},"end":{"line":132,"column":17}},"84":{"start":{"line":131,"column":20},"end":{"line":131,"column":58}},"85":{"start":{"line":133,"column":16},"end":{"line":135,"column":17}},"86":{"start":{"line":134,"column":20},"end":{"line":134,"column":58}},"87":{"start":{"line":136,"column":16},"end":{"line":136,"column":30}},"88":{"start":{"line":140,"column":12},"end":{"line":140,"column":48}},"89":{"start":{"line":144,"column":8},"end":{"line":157,"column":9}},"90":{"start":{"line":145,"column":30},"end":{"line":145,"column":38}},"91":{"start":{"line":146,"column":12},"end":{"line":153,"column":15}},"92":{"start":{"line":147,"column":16},"end":{"line":147,"column":56}},"93":{"start":{"line":148,"column":16},"end":{"line":148,"column":51}},"94":{"start":{"line":149,"column":16},"end":{"line":149,"column":30}},"95":{"start":{"line":151,"column":16},"end":{"line":151,"column":54}},"96":{"start":{"line":152,"column":16},"end":{"line":152,"column":30}},"97":{"start":{"line":156,"column":12},"end":{"line":156,"column":48}},"98":{"start":{"line":160,"column":8},"end":{"line":172,"column":9}},"99":{"start":{"line":161,"column":12},"end":{"line":168,"column":15}},"100":{"start":{"line":162,"column":16},"end":{"line":162,"column":53}},"101":{"start":{"line":163,"column":16},"end":{"line":163,"column":51}},"102":{"start":{"line":164,"column":16},"end":{"line":164,"column":30}},"103":{"start":{"line":166,"column":16},"end":{"line":166,"column":54}},"104":{"start":{"line":167,"column":16},"end":{"line":167,"column":30}},"105":{"start":{"line":171,"column":12},"end":{"line":171,"column":48}},"106":{"start":{"line":175,"column":0},"end":{"line":175,"column":53}},"107":{"start":{"line":176,"column":0},"end":{"line":176,"column":25}}},"fnMap":{"0":{"name":"(anonymous_0)","decl":{"start":{"line":9,"column":4},"end":{"line":9,"column":5}},"loc":{"start":{"line":9,"column":22},"end":{"line":12,"column":5}},"line":9},"1":{"name":"(anonymous_1)","decl":{"start":{"line":13,"column":4},"end":{"line":13,"column":5}},"loc":{"start":{"line":13,"column":11},"end":{"line":21,"column":5}},"line":13},"2":{"name":"(anonymous_2)","decl":{"start":{"line":16,"column":27},"end":{"line":16,"column":28}},"loc":{"start":{"line":16,"column":46},"end":{"line":20,"column":9}},"line":16},"3":{"name":"(anonymous_3)","decl":{"start":{"line":17,"column":28},"end":{"line":17,"column":29}},"loc":{"start":{"line":17,"column":40},"end":{"line":19,"column":13}},"line":17},"4":{"name":"(anonymous_4)","decl":{"start":{"line":22,"column":4},"end":{"line":22,"column":5}},"loc":{"start":{"line":22,"column":12},"end":{"line":56,"column":5}},"line":22},"5":{"name":"(anonymous_5)","decl":{"start":{"line":24,"column":27},"end":{"line":24,"column":28}},"loc":{"start":{"line":24,"column":54},"end":{"line":55,"column":9}},"line":24},"6":{"name":"crossOrigin","decl":{"start":{"line":31,"column":39},"end":{"line":31,"column":50}},"loc":{"start":{"line":31,"column":67},"end":{"line":35,"column":17}},"line":31},"7":{"name":"(anonymous_7)","decl":{"start":{"line":42,"column":44},"end":{"line":42,"column":45}},"loc":{"start":{"line":42,"column":56},"end":{"line":45,"column":17}},"line":42},"8":{"name":"(anonymous_8)","decl":{"start":{"line":46,"column":38},"end":{"line":46,"column":39}},"loc":{"start":{"line":46,"column":53},"end":{"line":49,"column":17}},"line":46},"9":{"name":"(anonymous_9)","decl":{"start":{"line":57,"column":4},"end":{"line":57,"column":5}},"loc":{"start":{"line":57,"column":32},"end":{"line":69,"column":5}},"line":57},"10":{"name":"(anonymous_10)","decl":{"start":{"line":70,"column":4},"end":{"line":70,"column":5}},"loc":{"start":{"line":70,"column":28},"end":{"line":77,"column":5}},"line":70},"11":{"name":"(anonymous_11)","decl":{"start":{"line":78,"column":4},"end":{"line":78,"column":5}},"loc":{"start":{"line":78,"column":37},"end":{"line":95,"column":5}},"line":78},"12":{"name":"(anonymous_12)","decl":{"start":{"line":85,"column":26},"end":{"line":85,"column":27}},"loc":{"start":{"line":85,"column":47},"end":{"line":94,"column":9}},"line":85},"13":{"name":"(anonymous_13)","decl":{"start":{"line":96,"column":4},"end":{"line":96,"column":5}},"loc":{"start":{"line":96,"column":38},"end":{"line":120,"column":5}},"line":96},"14":{"name":"(anonymous_14)","decl":{"start":{"line":108,"column":74},"end":{"line":108,"column":75}},"loc":{"start":{"line":108,"column":93},"end":{"line":112,"column":13}},"line":108},"15":{"name":"(anonymous_15)","decl":{"start":{"line":112,"column":21},"end":{"line":112,"column":22}},"loc":{"start":{"line":112,"column":36},"end":{"line":115,"column":13}},"line":112},"16":{"name":"(anonymous_16)","decl":{"start":{"line":121,"column":4},"end":{"line":121,"column":5}},"loc":{"start":{"line":121,"column":41},"end":{"line":142,"column":5}},"line":121},"17":{"name":"(anonymous_17)","decl":{"start":{"line":124,"column":56},"end":{"line":124,"column":57}},"loc":{"start":{"line":124,"column":75},"end":{"line":128,"column":13}},"line":124},"18":{"name":"(anonymous_18)","decl":{"start":{"line":128,"column":21},"end":{"line":128,"column":22}},"loc":{"start":{"line":128,"column":36},"end":{"line":137,"column":13}},"line":128},"19":{"name":"(anonymous_19)","decl":{"start":{"line":143,"column":4},"end":{"line":143,"column":5}},"loc":{"start":{"line":143,"column":37},"end":{"line":158,"column":5}},"line":143},"20":{"name":"(anonymous_20)","decl":{"start":{"line":146,"column":62},"end":{"line":146,"column":63}},"loc":{"start":{"line":146,"column":81},"end":{"line":150,"column":13}},"line":146},"21":{"name":"(anonymous_21)","decl":{"start":{"line":150,"column":21},"end":{"line":150,"column":22}},"loc":{"start":{"line":150,"column":36},"end":{"line":153,"column":13}},"line":150},"22":{"name":"(anonymous_22)","decl":{"start":{"line":159,"column":4},"end":{"line":159,"column":5}},"loc":{"start":{"line":159,"column":39},"end":{"line":173,"column":5}},"line":159},"23":{"name":"(anonymous_23)","decl":{"start":{"line":161,"column":53},"end":{"line":161,"column":54}},"loc":{"start":{"line":161,"column":72},"end":{"line":165,"column":13}},"line":161},"24":{"name":"(anonymous_24)","decl":{"start":{"line":165,"column":21},"end":{"line":165,"column":22}},"loc":{"start":{"line":165,"column":36},"end":{"line":168,"column":13}},"line":165}},"branchMap":{"0":{"loc":{"start":{"line":71,"column":8},"end":{"line":76,"column":9}},"type":"if","locations":[{"start":{"line":71,"column":8},"end":{"line":76,"column":9}},{"start":{"line":71,"column":8},"end":{"line":76,"column":9}}],"line":71},"1":{"loc":{"start":{"line":71,"column":12},"end":{"line":71,"column":54}},"type":"binary-expr","locations":[{"start":{"line":71,"column":12},"end":{"line":71,"column":38}},{"start":{"line":71,"column":42},"end":{"line":71,"column":54}}],"line":71},"2":{"loc":{"start":{"line":82,"column":8},"end":{"line":84,"column":9}},"type":"if","locations":[{"start":{"line":82,"column":8},"end":{"line":84,"column":9}},{"start":{"line":82,"column":8},"end":{"line":84,"column":9}}],"line":82},"3":{"loc":{"start":{"line":86,"column":12},"end":{"line":90,"column":13}},"type":"if","locations":[{"start":{"line":86,"column":12},"end":{"line":90,"column":13}},{"start":{"line":86,"column":12},"end":{"line":90,"column":13}}],"line":86},"4":{"loc":{"start":{"line":100,"column":12},"end":{"line":105,"column":13}},"type":"if","locations":[{"start":{"line":100,"column":12},"end":{"line":105,"column":13}},{"start":{"line":100,"column":12},"end":{"line":105,"column":13}}],"line":100},"5":{"loc":{"start":{"line":103,"column":17},"end":{"line":105,"column":13}},"type":"if","locations":[{"start":{"line":103,"column":17},"end":{"line":105,"column":13}},{"start":{"line":103,"column":17},"end":{"line":105,"column":13}}],"line":103},"6":{"loc":{"start":{"line":130,"column":16},"end":{"line":132,"column":17}},"type":"if","locations":[{"start":{"line":130,"column":16},"end":{"line":132,"column":17}},{"start":{"line":130,"column":16},"end":{"line":132,"column":17}}],"line":130},"7":{"loc":{"start":{"line":133,"column":16},"end":{"line":135,"column":17}},"type":"if","locations":[{"start":{"line":133,"column":16},"end":{"line":135,"column":17}},{"start":{"line":133,"column":16},"end":{"line":135,"column":17}}],"line":133}},"s":{"0":1,"1":1,"2":1,"3":1,"4":1,"5":1,"6":1,"7":1,"8":1,"9":1,"10":1,"11":1,"12":1,"13":1,"14":1,"15":1,"16":1,"17":1,"18":1,"19":1,"20":13,"21":13,"22":13,"23":1,"24":1,"25":1,"26":1,"27":1,"28":1,"29":1,"30":1,"31":1,"32":1,"33":0,"34":0,"35":0,"36":0,"37":0,"38":0,"39":0,"40":0,"41":0,"42":0,"43":0,"44":0,"45":0,"46":0,"47":0,"48":0,"49":0,"50":0,"51":0,"52":0,"53":0,"54":0,"55":0,"56":0,"57":0,"58":0,"59":0,"60":0,"61":4,"62":4,"63":4,"64":3,"65":1,"66":1,"67":4,"68":4,"69":3,"70":3,"71":3,"72":3,"73":0,"74":0,"75":1,"76":5,"77":5,"78":5,"79":3,"80":3,"81":3,"82":2,"83":2,"84":1,"85":2,"86":1,"87":2,"88":0,"89":3,"90":3,"91":3,"92":1,"93":1,"94":1,"95":2,"96":2,"97":0,"98":1,"99":1,"100":1,"101":1,"102":1,"103":0,"104":0,"105":0,"106":1,"107":1},"f":{"0":1,"1":1,"2":1,"3":1,"4":1,"5":1,"6":13,"7":1,"8":0,"9":0,"10":0,"11":0,"12":0,"13":4,"14":3,"15":0,"16":5,"17":3,"18":2,"19":3,"20":1,"21":2,"22":1,"23":1,"24":0},"b":{"0":[0,0],"1":[0,0],"2":[0,0],"3":[0,0],"4":[3,1],"5":[1,0],"6":[1,1],"7":[1,1]},"_coverageSchema":"332fd63041d2c1bcb487cc26dd0d5f7d97098a6c","hash":"a48269641d418181ccd5c7407d480cbb020ced2f","contentHash":"df3d27e151dd5b147d3e37c7798ea642_11.3.0"}}